Using pre-set license
Built from '2020.3/release' branch; Version is '2020.3.2f1 (8fd9074bf66c) revision 9427207'; Using compiler version '192528614'; Build Type 'Release'
OS: 'Windows 10 Home Single Language; OS build 19042.867; Version 2009; 64bit' Language: 'pt' Physical Memory: 7986 MB
BatchMode: 1, IsHumanControllingUs: 0, StartBugReporterOnCrash: 0, Is64bit: 1, IsPro: 0

 COMMAND LINE ARGUMENTS:
C:\Program Files\Unity\Hub\Editor\2020.3.2f1\Editor\Unity.exe
-adb2
-batchMode
-noUpm
-name
AssetImportWorker0
-projectPath
D:/Hackaton Brasa/Jogo Pique-Bandeira
-logFile
Logs/AssetImportWorker0.log
-srvPort
50584
Successfully changed project path to: D:/Hackaton Brasa/Jogo Pique-Bandeira
D:/Hackaton Brasa/Jogo Pique-Bandeira
Using Asset Import Pipeline V2.
Refreshing native plugins compatible for Editor in 24.72 ms, found 0 plugins.
Preloading 0 native plugins for Editor in 0.00 ms.
Initialize engine version: 2020.3.2f1 (8fd9074bf66c)
[Subsystems] Discovering subsystems at path C:/Program Files/Unity/Hub/Editor/2020.3.2f1/Editor/Data/Resources/UnitySubsystems
[Subsystems] Discovering subsystems at path D:/Hackaton Brasa/Jogo Pique-Bandeira/Assets
GfxDevice: creating device client; threaded=0
Direct3D:
    Version:  Direct3D 11.0 [level 11.1]
    Renderer: NVIDIA GeForce GTX 1050 Ti (ID=0x1c8c)
    Vendor:   
    VRAM:     4018 MB
    Driver:   27.21.14.5241
Initialize mono
Mono path[0] = 'C:/Program Files/Unity/Hub/Editor/2020.3.2f1/Editor/Data/Managed'
Mono path[1] = 'C:/Program Files/Unity/Hub/Editor/2020.3.2f1/Editor/Data/MonoBleedingEdge/lib/mono/unityjit'
Mono config path = 'C:/Program Files/Unity/Hub/Editor/2020.3.2f1/Editor/Data/MonoBleedingEdge/etc'
Using monoOptions --debugger-agent=transport=dt_socket,embedding=1,server=y,suspend=n,address=127.0.0.1:56960
Begin MonoManager ReloadAssembly
Registering precompiled unity dll's ...
Register platform support module: C:/Program Files/Unity/Hub/Editor/2020.3.2f1/Editor/Data/PlaybackEngines/WindowsStandaloneSupport/UnityEditor.WindowsStandalone.Extensions.dll
Registered in 0.002651 seconds.
Native extension for WindowsStandalone target not found
Refreshing native plugins compatible for Editor in 24.87 ms, found 0 plugins.
Preloading 0 native plugins for Editor in 0.00 ms.
Invoked RoslynAnalysisRunner static constructor.
RoslynAnalysisRunner will not be running.
RoslynAnalysisRunner has terminated.
Mono: successfully reloaded assembly
- Completed reload, in  2.585 seconds
Platform modules already initialized, skipping
Registering precompiled user dll's ...
Registered in 0.000821 seconds.
Begin MonoManager ReloadAssembly
Native extension for WindowsStandalone target not found
Refreshing native plugins compatible for Editor in 0.23 ms, found 0 plugins.
Preloading 0 native plugins for Editor in 0.00 ms.
Invoked RoslynAnalysisRunner static constructor.
RoslynAnalysisRunner will not be running.
RoslynAnalysisRunner has terminated.
Mono: successfully reloaded assembly
- Completed reload, in  0.791 seconds
Platform modules already initialized, skipping
========================================================================
Worker process is ready to serve import requests
Launched and connected shader compiler UnityShaderCompiler.exe after 0.06 seconds
Refreshing native plugins compatible for Editor in 0.25 ms, found 0 plugins.
Preloading 0 native plugins for Editor in 0.00 ms.
Unloading 1144 Unused Serialized files (Serialized files now loaded: 0)
System memory in use before: 72.1 MB.
System memory in use after: 72.1 MB.

Unloading 10 unused Assets to reduce memory usage. Loaded Objects now: 1607.
Total: 1.899300 ms (FindLiveObjects: 0.210100 ms CreateObjectMapping: 0.053200 ms MarkObjects: 1.479300 ms  DeleteObjects: 0.155600 ms)

========================================================================
Received Import Request.
  path: Assets/Scenes/Entrada.unity
  artifactKey: Guid(12891cc438e297e49970ea6bb37b3aa1) Importer(815301076,1909f56bfc062723c751e8b465ee728b)
Start importing Assets/Scenes/Entrada.unity using Guid(12891cc438e297e49970ea6bb37b3aa1) Importer(815301076,1909f56bfc062723c751e8b465ee728b)  -> (artifact id: '93cd57b7f944221fa00dae61e4e21b9e') in 0.014390 seconds
  Import took 0.034889 seconds .

========================================================================
Received Import Request.
  Time since last request: 535.614711 seconds.
  path: Assets/Scenes/SampleScene.unity
  artifactKey: Guid(9fc0d4010bbf28b4594072e72b8655ab) Importer(815301076,1909f56bfc062723c751e8b465ee728b)
Start importing Assets/Scenes/SampleScene.unity using Guid(9fc0d4010bbf28b4594072e72b8655ab) Importer(815301076,1909f56bfc062723c751e8b465ee728b)  -> (artifact id: '71d5acc42f9bfb4770e615549c994af1') in 0.038123 seconds
  Import took 0.059957 seconds .

========================================================================
Received Prepare
Registering precompiled user dll's ...
Registered in 0.001101 seconds.
Begin MonoManager ReloadAssembly
Native extension for WindowsStandalone target not found
Refreshing native plugins compatible for Editor in 0.29 ms, found 0 plugins.
Preloading 0 native plugins for Editor in 0.00 ms.
Invoked RoslynAnalysisRunner static constructor.
RoslynAnalysisRunner will not be running.
RoslynAnalysisRunner has terminated.
Mono: successfully reloaded assembly
- Completed reload, in  0.845 seconds
Platform modules already initialized, skipping
Refreshing native plugins compatible for Editor in 0.26 ms, found 0 plugins.
Preloading 0 native plugins for Editor in 0.00 ms.
Unloading 1137 Unused Serialized files (Serialized files now loaded: 0)
System memory in use before: 71.8 MB.
System memory in use after: 71.9 MB.

Unloading 5 unused Assets to reduce memory usage. Loaded Objects now: 1610.
Total: 2.277500 ms (FindLiveObjects: 0.234100 ms CreateObjectMapping: 0.068000 ms MarkObjects: 1.855100 ms  DeleteObjects: 0.119200 ms)

========================================================================
Received Prepare
Registering precompiled user dll's ...
Registered in 0.000808 seconds.
Begin MonoManager ReloadAssembly
Native extension for WindowsStandalone target not found
Refreshing native plugins compatible for Editor in 0.28 ms, found 0 plugins.
Preloading 0 native plugins for Editor in 0.00 ms.
Invoked RoslynAnalysisRunner static constructor.
RoslynAnalysisRunner will not be running.
RoslynAnalysisRunner has terminated.
Mono: successfully reloaded assembly
- Completed reload, in  0.779 seconds
Platform modules already initialized, skipping
Refreshing native plugins compatible for Editor in 0.24 ms, found 0 plugins.
Preloading 0 native plugins for Editor in 0.00 ms.
Unloading 1137 Unused Serialized files (Serialized files now loaded: 0)
System memory in use before: 71.8 MB.
System memory in use after: 71.9 MB.

Unloading 5 unused Assets to reduce memory usage. Loaded Objects now: 1613.
Total: 2.220000 ms (FindLiveObjects: 0.208400 ms CreateObjectMapping: 0.039300 ms MarkObjects: 1.837600 ms  DeleteObjects: 0.133400 ms)

========================================================================
Received Import Request.
  Time since last request: 956.591387 seconds.
  path: Assets/Scenes/SampleScene.unity
  artifactKey: Guid(9fc0d4010bbf28b4594072e72b8655ab) Importer(815301076,1909f56bfc062723c751e8b465ee728b)
Start importing Assets/Scenes/SampleScene.unity using Guid(9fc0d4010bbf28b4594072e72b8655ab) Importer(815301076,1909f56bfc062723c751e8b465ee728b)  -> (artifact id: 'fcb7f18a1507fbc6ea8bd8f9fe395579') in 0.011464 seconds
  Import took 0.048978 seconds .

========================================================================
Received Prepare
Registering precompiled user dll's ...
Registered in 0.002862 seconds.
Begin MonoManager ReloadAssembly
Native extension for WindowsStandalone target not found
Refreshing native plugins compatible for Editor in 1.07 ms, found 0 plugins.
Preloading 0 native plugins for Editor in 0.00 ms.
Invoked RoslynAnalysisRunner static constructor.
RoslynAnalysisRunner will not be running.
RoslynAnalysisRunner has terminated.
Mono: successfully reloaded assembly
- Completed reload, in  1.925 seconds
Platform modules already initialized, skipping
Refreshing native plugins compatible for Editor in 0.30 ms, found 0 plugins.
Preloading 0 native plugins for Editor in 0.00 ms.
Unloading 1137 Unused Serialized files (Serialized files now loaded: 0)
System memory in use before: 71.8 MB.
System memory in use after: 71.9 MB.

Unloading 5 unused Assets to reduce memory usage. Loaded Objects now: 1616.
Total: 3.687100 ms (FindLiveObjects: 0.173700 ms CreateObjectMapping: 0.047700 ms MarkObjects: 3.223300 ms  DeleteObjects: 0.239000 ms)

========================================================================
Received Import Request.
  Time since last request: 1837.329896 seconds.
  path: Assets/Scenes/Entrada.unity
  artifactKey: Guid(12891cc438e297e49970ea6bb37b3aa1) Importer(815301076,1909f56bfc062723c751e8b465ee728b)
Start importing Assets/Scenes/Entrada.unity using Guid(12891cc438e297e49970ea6bb37b3aa1) Importer(815301076,1909f56bfc062723c751e8b465ee728b)  -> (artifact id: 'f8e21331a8ee9cd67feb3fcec711ed1c') in 0.084297 seconds
  Import took 0.105512 seconds .

========================================================================
Received Prepare
Registering precompiled user dll's ...
Registered in 0.000803 seconds.
Begin MonoManager ReloadAssembly
Native extension for WindowsStandalone target not found
Refreshing native plugins compatible for Editor in 0.24 ms, found 0 plugins.
Preloading 0 native plugins for Editor in 0.00 ms.
Invoked RoslynAnalysisRunner static constructor.
RoslynAnalysisRunner will not be running.
RoslynAnalysisRunner has terminated.
Mono: successfully reloaded assembly
- Completed reload, in  0.826 seconds
Platform modules already initialized, skipping
Refreshing native plugins compatible for Editor in 0.26 ms, found 0 plugins.
Preloading 0 native plugins for Editor in 0.00 ms.
Unloading 1137 Unused Serialized files (Serialized files now loaded: 0)
System memory in use before: 71.9 MB.
System memory in use after: 71.9 MB.

Unloading 5 unused Assets to reduce memory usage. Loaded Objects now: 1619.
Total: 2.156000 ms (FindLiveObjects: 0.138100 ms CreateObjectMapping: 0.043500 ms MarkObjects: 1.866000 ms  DeleteObjects: 0.107300 ms)

========================================================================
Received Prepare
Registering precompiled user dll's ...
Registered in 0.001534 seconds.
Begin MonoManager ReloadAssembly
Native extension for WindowsStandalone target not found
Refreshing native plugins compatible for Editor in 0.23 ms, found 0 plugins.
Preloading 0 native plugins for Editor in 0.00 ms.
Invoked RoslynAnalysisRunner static constructor.
RoslynAnalysisRunner will not be running.
RoslynAnalysisRunner has terminated.
Mono: successfully reloaded assembly
- Completed reload, in  0.759 seconds
Platform modules already initialized, skipping
Refreshing native plugins compatible for Editor in 0.23 ms, found 0 plugins.
Preloading 0 native plugins for Editor in 0.00 ms.
Unloading 1137 Unused Serialized files (Serialized files now loaded: 0)
System memory in use before: 71.9 MB.
System memory in use after: 71.9 MB.

Unloading 5 unused Assets to reduce memory usage. Loaded Objects now: 1622.
Total: 2.024300 ms (FindLiveObjects: 0.147700 ms CreateObjectMapping: 0.029300 ms MarkObjects: 1.737700 ms  DeleteObjects: 0.108400 ms)

========================================================================
Received Import Request.
  Time since last request: 110.893510 seconds.
  path: Assets/Scripts/Bot.cs
  artifactKey: Guid(d2928eee786c0ed488596d8a58c7027c) Importer(815301076,1909f56bfc062723c751e8b465ee728b)
Start importing Assets/Scripts/Bot.cs using Guid(d2928eee786c0ed488596d8a58c7027c) Importer(815301076,1909f56bfc062723c751e8b465ee728b)  -> (artifact id: '2ae14836ca8518ccaac67363f0649421') in 0.198874 seconds
  Import took 0.221593 seconds .

========================================================================
Received Prepare
Registering precompiled user dll's ...
Registered in 0.001144 seconds.
Begin MonoManager ReloadAssembly
Native extension for WindowsStandalone target not found
Refreshing native plugins compatible for Editor in 0.23 ms, found 0 plugins.
Preloading 0 native plugins for Editor in 0.00 ms.
Invoked RoslynAnalysisRunner static constructor.
RoslynAnalysisRunner will not be running.
RoslynAnalysisRunner has terminated.
Mono: successfully reloaded assembly
- Completed reload, in  0.775 seconds
Platform modules already initialized, skipping
Refreshing native plugins compatible for Editor in 0.31 ms, found 0 plugins.
Preloading 0 native plugins for Editor in 0.00 ms.
Unloading 1137 Unused Serialized files (Serialized files now loaded: 0)
System memory in use before: 71.9 MB.
System memory in use after: 72.0 MB.

Unloading 5 unused Assets to reduce memory usage. Loaded Objects now: 1625.
Total: 1.853200 ms (FindLiveObjects: 0.182000 ms CreateObjectMapping: 0.054500 ms MarkObjects: 1.505900 ms  DeleteObjects: 0.109600 ms)

========================================================================
Received Import Request.
  Time since last request: 191.208148 seconds.
  path: Assets/Scripts/BotTimePrincipal.cs
  artifactKey: Guid(d2928eee786c0ed488596d8a58c7027c) Importer(815301076,1909f56bfc062723c751e8b465ee728b)
Start importing Assets/Scripts/BotTimePrincipal.cs using Guid(d2928eee786c0ed488596d8a58c7027c) Importer(815301076,1909f56bfc062723c751e8b465ee728b)  -> (artifact id: '627ede2beca8806f2801877b8942b3c8') in 0.040919 seconds
  Import took 0.056799 seconds .

========================================================================
Received Prepare
Registering precompiled user dll's ...
Registered in 0.000776 seconds.
Begin MonoManager ReloadAssembly
Native extension for WindowsStandalone target not found
Refreshing native plugins compatible for Editor in 0.28 ms, found 0 plugins.
Preloading 0 native plugins for Editor in 0.00 ms.
Invoked RoslynAnalysisRunner static constructor.
RoslynAnalysisRunner will not be running.
RoslynAnalysisRunner has terminated.
Mono: successfully reloaded assembly
- Completed reload, in  1.050 seconds
Platform modules already initialized, skipping
Refreshing native plugins compatible for Editor in 0.24 ms, found 0 plugins.
Preloading 0 native plugins for Editor in 0.00 ms.
Unloading 1137 Unused Serialized files (Serialized files now loaded: 0)
System memory in use before: 71.9 MB.
System memory in use after: 72.0 MB.

Unloading 5 unused Assets to reduce memory usage. Loaded Objects now: 1628.
Total: 2.219000 ms (FindLiveObjects: 0.337200 ms CreateObjectMapping: 0.054100 ms MarkObjects: 1.694000 ms  DeleteObjects: 0.131700 ms)

========================================================================
Received Import Request.
  Time since last request: 12.862687 seconds.
  path: Assets/Scripts/BotTimePrincipal.cs
  artifactKey: Guid(d2928eee786c0ed488596d8a58c7027c) Importer(815301076,1909f56bfc062723c751e8b465ee728b)
Start importing Assets/Scripts/BotTimePrincipal.cs using Guid(d2928eee786c0ed488596d8a58c7027c) Importer(815301076,1909f56bfc062723c751e8b465ee728b)  -> (artifact id: 'a9d223b0ac0d1531a46d7e2c6f65a0be') in 0.005133 seconds
  Import took 0.008715 seconds .

========================================================================
Received Import Request.
  Time since last request: 26.778537 seconds.
  path: Assets/Scripts/Bot.cs
  artifactKey: Guid(d2928eee786c0ed488596d8a58c7027c) Importer(815301076,1909f56bfc062723c751e8b465ee728b)
Start importing Assets/Scripts/Bot.cs using Guid(d2928eee786c0ed488596d8a58c7027c) Importer(815301076,1909f56bfc062723c751e8b465ee728b)  -> (artifact id: '61154b4558d5258dd9b3facdb4b55fed') in 0.002107 seconds
  Import took 0.043102 seconds .

========================================================================
Received Import Request.
  Time since last request: 0.035318 seconds.
  path: Assets/Scripts/Bot.cs
  artifactKey: Guid(d2928eee786c0ed488596d8a58c7027c) Importer(815301076,1909f56bfc062723c751e8b465ee728b)
Start importing Assets/Scripts/Bot.cs using Guid(d2928eee786c0ed488596d8a58c7027c) Importer(815301076,1909f56bfc062723c751e8b465ee728b)  -> (artifact id: '61154b4558d5258dd9b3facdb4b55fed') in 0.003182 seconds
  Import took 0.005378 seconds .

========================================================================
Received Prepare
Registering precompiled user dll's ...
Registered in 0.000859 seconds.
Begin MonoManager ReloadAssembly
Native extension for WindowsStandalone target not found
Refreshing native plugins compatible for Editor in 0.26 ms, found 0 plugins.
Preloading 0 native plugins for Editor in 0.00 ms.
Invoked RoslynAnalysisRunner static constructor.
RoslynAnalysisRunner will not be running.
RoslynAnalysisRunner has terminated.
Mono: successfully reloaded assembly
- Completed reload, in  0.813 seconds
Platform modules already initialized, skipping
Refreshing native plugins compatible for Editor in 0.24 ms, found 0 plugins.
Preloading 0 native plugins for Editor in 0.00 ms.
Unloading 1137 Unused Serialized files (Serialized files now loaded: 0)
System memory in use before: 71.9 MB.
System memory in use after: 72.0 MB.

Unloading 5 unused Assets to reduce memory usage. Loaded Objects now: 1631.
Total: 2.795500 ms (FindLiveObjects: 0.386500 ms CreateObjectMapping: 0.236000 ms MarkObjects: 1.970100 ms  DeleteObjects: 0.200600 ms)

========================================================================
Received Import Request.
  Time since last request: 102.983262 seconds.
  path: Assets/Scripts/botTimeSec.cs
  artifactKey: Guid(d0e6e60e0e6cd3d4fb20b83204d17a1f) Importer(815301076,1909f56bfc062723c751e8b465ee728b)
Start importing Assets/Scripts/botTimeSec.cs using Guid(d0e6e60e0e6cd3d4fb20b83204d17a1f) Importer(815301076,1909f56bfc062723c751e8b465ee728b)  -> (artifact id: '2adf7a3c0280f44daff24325ae4af653') in 0.008710 seconds
  Import took 0.011420 seconds .

========================================================================
Received Prepare
Registering precompiled user dll's ...
Registered in 0.000867 seconds.
Begin MonoManager ReloadAssembly
Native extension for WindowsStandalone target not found
Refreshing native plugins compatible for Editor in 0.24 ms, found 0 plugins.
Preloading 0 native plugins for Editor in 0.00 ms.
Invoked RoslynAnalysisRunner static constructor.
RoslynAnalysisRunner will not be running.
RoslynAnalysisRunner has terminated.
Mono: successfully reloaded assembly
- Completed reload, in  0.987 seconds
Platform modules already initialized, skipping
Refreshing native plugins compatible for Editor in 0.25 ms, found 0 plugins.
Preloading 0 native plugins for Editor in 0.00 ms.
Unloading 1138 Unused Serialized files (Serialized files now loaded: 0)
System memory in use before: 71.9 MB.
System memory in use after: 72.0 MB.

Unloading 5 unused Assets to reduce memory usage. Loaded Objects now: 1635.
Total: 2.164800 ms (FindLiveObjects: 0.148800 ms CreateObjectMapping: 0.038000 ms MarkObjects: 1.844400 ms  DeleteObjects: 0.132400 ms)

========================================================================
Received Import Request.
  Time since last request: 355.017192 seconds.
  path: Assets/Scripts/botTimeSec.cs
  artifactKey: Guid(d0e6e60e0e6cd3d4fb20b83204d17a1f) Importer(815301076,1909f56bfc062723c751e8b465ee728b)
Start importing Assets/Scripts/botTimeSec.cs using Guid(d0e6e60e0e6cd3d4fb20b83204d17a1f) Importer(815301076,1909f56bfc062723c751e8b465ee728b)  -> (artifact id: 'c57dd575c474064031e7324a4ab87220') in 0.008847 seconds
  Import took 0.056660 seconds .

========================================================================
Received Import Request.
  Time since last request: 1003.843537 seconds.
  path: Assets/Scripts/botTimeSec.cs
  artifactKey: Guid(d0e6e60e0e6cd3d4fb20b83204d17a1f) Importer(815301076,1909f56bfc062723c751e8b465ee728b)
Start importing Assets/Scripts/botTimeSec.cs using Guid(d0e6e60e0e6cd3d4fb20b83204d17a1f) Importer(815301076,1909f56bfc062723c751e8b465ee728b)  -> (artifact id: '5947b97317c5e3627342dc0c05a6f297') in 0.002237 seconds
  Import took 0.146522 seconds .

========================================================================
Received Prepare
Registering precompiled user dll's ...
Registered in 0.000908 seconds.
Begin MonoManager ReloadAssembly
Native extension for WindowsStandalone target not found
Refreshing native plugins compatible for Editor in 0.24 ms, found 0 plugins.
Preloading 0 native plugins for Editor in 0.00 ms.
Invoked RoslynAnalysisRunner static constructor.
RoslynAnalysisRunner will not be running.
RoslynAnalysisRunner has terminated.
Mono: successfully reloaded assembly
- Completed reload, in  1.111 seconds
Platform modules already initialized, skipping
Refreshing native plugins compatible for Editor in 0.25 ms, found 0 plugins.
Preloading 0 native plugins for Editor in 0.00 ms.
Unloading 1137 Unused Serialized files (Serialized files now loaded: 0)
System memory in use before: 71.9 MB.
System memory in use after: 72.0 MB.

Unloading 6 unused Assets to reduce memory usage. Loaded Objects now: 1637.
Total: 2.484400 ms (FindLiveObjects: 0.219400 ms CreateObjectMapping: 0.046000 ms MarkObjects: 2.085400 ms  DeleteObjects: 0.131900 ms)

========================================================================
Received Prepare
Registering precompiled user dll's ...
Registered in 0.000835 seconds.
Begin MonoManager ReloadAssembly
Native extension for WindowsStandalone target not found
Refreshing native plugins compatible for Editor in 0.23 ms, found 0 plugins.
Preloading 0 native plugins for Editor in 0.00 ms.
Invoked RoslynAnalysisRunner static constructor.
RoslynAnalysisRunner will not be running.
RoslynAnalysisRunner has terminated.
Mono: successfully reloaded assembly
- Completed reload, in  0.744 seconds
Platform modules already initialized, skipping
Refreshing native plugins compatible for Editor in 0.24 ms, found 0 plugins.
Preloading 0 native plugins for Editor in 0.00 ms.
Unloading 1136 Unused Serialized files (Serialized files now loaded: 0)
System memory in use before: 71.9 MB.
System memory in use after: 72.0 MB.

Unloading 6 unused Assets to reduce memory usage. Loaded Objects now: 1639.
Total: 5.484600 ms (FindLiveObjects: 0.325800 ms CreateObjectMapping: 0.112500 ms MarkObjects: 4.661000 ms  DeleteObjects: 0.382700 ms)

========================================================================
Received Import Request.
  Time since last request: 61.631920 seconds.
  path: Assets/Scripts/playerControler.cs
  artifactKey: Guid(f98288152b4b5cf41aa97af1926f3a9a) Importer(815301076,1909f56bfc062723c751e8b465ee728b)
Start importing Assets/Scripts/playerControler.cs using Guid(f98288152b4b5cf41aa97af1926f3a9a) Importer(815301076,1909f56bfc062723c751e8b465ee728b)  -> (artifact id: 'ff544bef349fdb80513a91277993d26c') in 0.004009 seconds
  Import took 0.024911 seconds .

========================================================================
Received Import Request.
  Time since last request: 0.011081 seconds.
  path: Assets/Scripts/playerControler.cs
  artifactKey: Guid(f98288152b4b5cf41aa97af1926f3a9a) Importer(815301076,1909f56bfc062723c751e8b465ee728b)
Start importing Assets/Scripts/playerControler.cs using Guid(f98288152b4b5cf41aa97af1926f3a9a) Importer(815301076,1909f56bfc062723c751e8b465ee728b)  -> (artifact id: 'ff544bef349fdb80513a91277993d26c') in 0.002941 seconds
  Import took 0.005778 seconds .

========================================================================
Received Prepare
Registering precompiled user dll's ...
Registered in 0.000818 seconds.
Begin MonoManager ReloadAssembly
Native extension for WindowsStandalone target not found
Refreshing native plugins compatible for Editor in 0.29 ms, found 0 plugins.
Preloading 0 native plugins for Editor in 0.00 ms.
Invoked RoslynAnalysisRunner static constructor.
RoslynAnalysisRunner will not be running.
RoslynAnalysisRunner has terminated.
Mono: successfully reloaded assembly
- Completed reload, in  0.783 seconds
Platform modules already initialized, skipping
Refreshing native plugins compatible for Editor in 0.25 ms, found 0 plugins.
Preloading 0 native plugins for Editor in 0.00 ms.
Unloading 1135 Unused Serialized files (Serialized files now loaded: 0)
System memory in use before: 71.9 MB.
System memory in use after: 71.9 MB.

Unloading 6 unused Assets to reduce memory usage. Loaded Objects now: 1641.
Total: 1.927300 ms (FindLiveObjects: 0.147900 ms CreateObjectMapping: 0.036600 ms MarkObjects: 1.623300 ms  DeleteObjects: 0.118300 ms)

========================================================================
Received Import Request.
  Time since last request: 32.847975 seconds.
  path: Assets/Scripts/Take.cs
  artifactKey: Guid(1db25f0b10d410c46bfa7f4b0ebad92d) Importer(815301076,1909f56bfc062723c751e8b465ee728b)
Start importing Assets/Scripts/Take.cs using Guid(1db25f0b10d410c46bfa7f4b0ebad92d) Importer(815301076,1909f56bfc062723c751e8b465ee728b)  -> (artifact id: '8f4a532225857b596f9ea88b177fbd8c') in 0.004797 seconds
  Import took 0.039728 seconds .

========================================================================
Received Prepare
Registering precompiled user dll's ...
Registered in 0.000919 seconds.
Begin MonoManager ReloadAssembly
Native extension for WindowsStandalone target not found
Refreshing native plugins compatible for Editor in 0.23 ms, found 0 plugins.
Preloading 0 native plugins for Editor in 0.00 ms.
Invoked RoslynAnalysisRunner static constructor.
RoslynAnalysisRunner will not be running.
RoslynAnalysisRunner has terminated.
Mono: successfully reloaded assembly
- Completed reload, in  0.844 seconds
Platform modules already initialized, skipping
Refreshing native plugins compatible for Editor in 0.31 ms, found 0 plugins.
Preloading 0 native plugins for Editor in 0.00 ms.
Unloading 1135 Unused Serialized files (Serialized files now loaded: 0)
System memory in use before: 71.9 MB.
System memory in use after: 71.9 MB.

Unloading 5 unused Assets to reduce memory usage. Loaded Objects now: 1644.
Total: 1.943300 ms (FindLiveObjects: 0.121000 ms CreateObjectMapping: 0.028900 ms MarkObjects: 1.660300 ms  DeleteObjects: 0.131900 ms)

========================================================================
Received Import Request.
  Time since last request: 10.370231 seconds.
  path: Assets/Scripts/Take.cs
  artifactKey: Guid(1db25f0b10d410c46bfa7f4b0ebad92d) Importer(815301076,1909f56bfc062723c751e8b465ee728b)
Start importing Assets/Scripts/Take.cs using Guid(1db25f0b10d410c46bfa7f4b0ebad92d) Importer(815301076,1909f56bfc062723c751e8b465ee728b)  -> (artifact id: '82948c5f7977341ca115080b60740617') in 0.003818 seconds
  Import took 0.024370 seconds .

========================================================================
Received Prepare
Registering precompiled user dll's ...
Registered in 0.000832 seconds.
Begin MonoManager ReloadAssembly
Native extension for WindowsStandalone target not found
Refreshing native plugins compatible for Editor in 0.23 ms, found 0 plugins.
Preloading 0 native plugins for Editor in 0.00 ms.
Invoked RoslynAnalysisRunner static constructor.
RoslynAnalysisRunner will not be running.
RoslynAnalysisRunner has terminated.
Mono: successfully reloaded assembly
- Completed reload, in  0.754 seconds
Platform modules already initialized, skipping
Refreshing native plugins compatible for Editor in 0.23 ms, found 0 plugins.
Preloading 0 native plugins for Editor in 0.00 ms.
Unloading 1136 Unused Serialized files (Serialized files now loaded: 0)
System memory in use before: 71.9 MB.
System memory in use after: 72.0 MB.

Unloading 5 unused Assets to reduce memory usage. Loaded Objects now: 1648.
Total: 1.854700 ms (FindLiveObjects: 0.147400 ms CreateObjectMapping: 0.030800 ms MarkObjects: 1.560200 ms  DeleteObjects: 0.115500 ms)

========================================================================
Received Import Request.
  Time since last request: 131.490524 seconds.
  path: Assets/Scripts/Take1.cs
  artifactKey: Guid(33651b6a208fb324ab90fb5c3d582dda) Importer(815301076,1909f56bfc062723c751e8b465ee728b)
Start importing Assets/Scripts/Take1.cs using Guid(33651b6a208fb324ab90fb5c3d582dda) Importer(815301076,1909f56bfc062723c751e8b465ee728b)  -> (artifact id: 'dfe90a426ffccff0dffa65a18bdf6ccd') in 0.004516 seconds
  Import took 0.040035 seconds .

========================================================================
Received Prepare
Registering precompiled user dll's ...
Registered in 0.000804 seconds.
Begin MonoManager ReloadAssembly
Native extension for WindowsStandalone target not found
Refreshing native plugins compatible for Editor in 0.23 ms, found 0 plugins.
Preloading 0 native plugins for Editor in 0.00 ms.
Invoked RoslynAnalysisRunner static constructor.
RoslynAnalysisRunner will not be running.
RoslynAnalysisRunner has terminated.
Mono: successfully reloaded assembly
- Completed reload, in  0.840 seconds
Platform modules already initialized, skipping
Refreshing native plugins compatible for Editor in 0.25 ms, found 0 plugins.
Preloading 0 native plugins for Editor in 0.00 ms.
Unloading 1135 Unused Serialized files (Serialized files now loaded: 0)
System memory in use before: 71.9 MB.
System memory in use after: 72.0 MB.

Unloading 6 unused Assets to reduce memory usage. Loaded Objects now: 1650.
Total: 2.395200 ms (FindLiveObjects: 0.312600 ms CreateObjectMapping: 0.113100 ms MarkObjects: 1.777600 ms  DeleteObjects: 0.189000 ms)

========================================================================
Received Import Request.
  Time since last request: 243.990813 seconds.
  path: Assets/UltraMare/The Best Flag and Banner System/Textures/_BackGrounds/Background.mat
  artifactKey: Guid(b113f7c6022dbf848a576023efbbc6b8) Importer(815301076,1909f56bfc062723c751e8b465ee728b)
Start importing Assets/UltraMare/The Best Flag and Banner System/Textures/_BackGrounds/Background.mat using Guid(b113f7c6022dbf848a576023efbbc6b8) Importer(815301076,1909f56bfc062723c751e8b465ee728b)  -> (artifact id: 'b9d287f4cae7401fb182c065ead789fa') in 1.128270 seconds
  Import took 1.149958 seconds .

========================================================================
Received Import Request.
  Time since last request: 66.368863 seconds.
  path: Assets/UltraMare/The Best Flag and Banner System/Textures/_BackGrounds/Symbol.mat
  artifactKey: Guid(6584b7b373f311e43b407a002bf02e05) Importer(815301076,1909f56bfc062723c751e8b465ee728b)
Start importing Assets/UltraMare/The Best Flag and Banner System/Textures/_BackGrounds/Symbol.mat using Guid(6584b7b373f311e43b407a002bf02e05) Importer(815301076,1909f56bfc062723c751e8b465ee728b)  -> (artifact id: '90ce0ddb41a33a6e55d7d8e41eb5fd91') in 0.066684 seconds
  Import took 0.111453 seconds .

========================================================================
Received Import Request.
  Time since last request: 0.003202 seconds.
  path: Assets/UltraMare/The Best Flag and Banner System/Textures/_BackGrounds/Symbol.mat
  artifactKey: Guid(6584b7b373f311e43b407a002bf02e05) Importer(815301076,1909f56bfc062723c751e8b465ee728b)
Start importing Assets/UltraMare/The Best Flag and Banner System/Textures/_BackGrounds/Symbol.mat using Guid(6584b7b373f311e43b407a002bf02e05) Importer(815301076,1909f56bfc062723c751e8b465ee728b)  -> (artifact id: '90ce0ddb41a33a6e55d7d8e41eb5fd91') in 0.009573 seconds
  Import took 0.011738 seconds .

========================================================================
Received Prepare
Registering precompiled user dll's ...
Registered in 0.000814 seconds.
Begin MonoManager ReloadAssembly
Native extension for WindowsStandalone target not found
Refreshing native plugins compatible for Editor in 0.23 ms, found 0 plugins.
Preloading 0 native plugins for Editor in 0.00 ms.
Invoked RoslynAnalysisRunner static constructor.
RoslynAnalysisRunner will not be running.
RoslynAnalysisRunner has terminated.
Mono: successfully reloaded assembly
- Completed reload, in  0.725 seconds
Platform modules already initialized, skipping
Refreshing native plugins compatible for Editor in 0.24 ms, found 0 plugins.
Preloading 0 native plugins for Editor in 0.00 ms.
Unloading 1136 Unused Serialized files (Serialized files now loaded: 0)
System memory in use before: 75.2 MB.
System memory in use after: 75.3 MB.

Unloading 5 unused Assets to reduce memory usage. Loaded Objects now: 1694.
Total: 1.900200 ms (FindLiveObjects: 0.130200 ms CreateObjectMapping: 0.033100 ms MarkObjects: 1.624900 ms  DeleteObjects: 0.111200 ms)

========================================================================
Received Import Request.
  Time since last request: 128.523678 seconds.
  path: Assets/Scripts/botTimeSec.cs
  artifactKey: Guid(d0e6e60e0e6cd3d4fb20b83204d17a1f) Importer(815301076,1909f56bfc062723c751e8b465ee728b)
Start importing Assets/Scripts/botTimeSec.cs using Guid(d0e6e60e0e6cd3d4fb20b83204d17a1f) Importer(815301076,1909f56bfc062723c751e8b465ee728b)  -> (artifact id: '005ac8c9746e6d4ef737ff62c1d49ab4') in 0.006929 seconds
  Import took 0.039057 seconds .

========================================================================
Received Prepare
Registering precompiled user dll's ...
Registered in 0.001084 seconds.
Begin MonoManager ReloadAssembly
Native extension for WindowsStandalone target not found
Refreshing native plugins compatible for Editor in 0.23 ms, found 0 plugins.
Preloading 0 native plugins for Editor in 0.00 ms.
Invoked RoslynAnalysisRunner static constructor.
RoslynAnalysisRunner will not be running.
RoslynAnalysisRunner has terminated.
Mono: successfully reloaded assembly
- Completed reload, in  0.885 seconds
Platform modules already initialized, skipping
Refreshing native plugins compatible for Editor in 0.25 ms, found 0 plugins.
Preloading 0 native plugins for Editor in 0.00 ms.
Unloading 1136 Unused Serialized files (Serialized files now loaded: 0)
System memory in use before: 75.2 MB.
System memory in use after: 75.3 MB.

Unloading 5 unused Assets to reduce memory usage. Loaded Objects now: 1697.
Total: 1.784100 ms (FindLiveObjects: 0.154300 ms CreateObjectMapping: 0.038200 ms MarkObjects: 1.482700 ms  DeleteObjects: 0.107900 ms)

========================================================================
Received Import Request.
  Time since last request: 37.508373 seconds.
  path: Assets/Scripts/botTimeSec.cs
  artifactKey: Guid(d0e6e60e0e6cd3d4fb20b83204d17a1f) Importer(815301076,1909f56bfc062723c751e8b465ee728b)
Start importing Assets/Scripts/botTimeSec.cs using Guid(d0e6e60e0e6cd3d4fb20b83204d17a1f) Importer(815301076,1909f56bfc062723c751e8b465ee728b)  -> (artifact id: '3f09841697ce47358b0aea16fdad60cb') in 0.003854 seconds
  Import took 0.037962 seconds .

========================================================================
Received Prepare
Registering precompiled user dll's ...
Registered in 0.000832 seconds.
Begin MonoManager ReloadAssembly
Native extension for WindowsStandalone target not found
Refreshing native plugins compatible for Editor in 0.23 ms, found 0 plugins.
Preloading 0 native plugins for Editor in 0.00 ms.
Invoked RoslynAnalysisRunner static constructor.
RoslynAnalysisRunner will not be running.
RoslynAnalysisRunner has terminated.
Mono: successfully reloaded assembly
- Completed reload, in  0.730 seconds
Platform modules already initialized, skipping
Refreshing native plugins compatible for Editor in 0.24 ms, found 0 plugins.
Preloading 0 native plugins for Editor in 0.00 ms.
Unloading 1136 Unused Serialized files (Serialized files now loaded: 0)
System memory in use before: 75.3 MB.
System memory in use after: 75.3 MB.

Unloading 5 unused Assets to reduce memory usage. Loaded Objects now: 1700.
Total: 2.140800 ms (FindLiveObjects: 0.160300 ms CreateObjectMapping: 0.250100 ms MarkObjects: 1.620800 ms  DeleteObjects: 0.108700 ms)

========================================================================
Received Prepare
Registering precompiled user dll's ...
Registered in 0.001076 seconds.
Begin MonoManager ReloadAssembly
Native extension for WindowsStandalone target not found
Refreshing native plugins compatible for Editor in 0.23 ms, found 0 plugins.
Preloading 0 native plugins for Editor in 0.00 ms.
Invoked RoslynAnalysisRunner static constructor.
RoslynAnalysisRunner will not be running.
RoslynAnalysisRunner has terminated.
Mono: successfully reloaded assembly
- Completed reload, in  0.748 seconds
Platform modules already initialized, skipping
Refreshing native plugins compatible for Editor in 0.23 ms, found 0 plugins.
Preloading 0 native plugins for Editor in 0.00 ms.
Unloading 1136 Unused Serialized files (Serialized files now loaded: 0)
System memory in use before: 75.3 MB.
System memory in use after: 75.3 MB.

Unloading 5 unused Assets to reduce memory usage. Loaded Objects now: 1703.
Total: 1.968300 ms (FindLiveObjects: 0.191600 ms CreateObjectMapping: 0.062200 ms MarkObjects: 1.594500 ms  DeleteObjects: 0.119000 ms)

========================================================================
Received Import Request.
  Time since last request: 109.557911 seconds.
  path: Assets/Scripts/botTimeSec.cs
  artifactKey: Guid(d0e6e60e0e6cd3d4fb20b83204d17a1f) Importer(815301076,1909f56bfc062723c751e8b465ee728b)
Start importing Assets/Scripts/botTimeSec.cs using Guid(d0e6e60e0e6cd3d4fb20b83204d17a1f) Importer(815301076,1909f56bfc062723c751e8b465ee728b)  -> (artifact id: 'eb5409ffd4a395d2ab08e90b8d3e3514') in 0.003783 seconds
  Import took 0.022818 seconds .

========================================================================
Received Prepare
Registering precompiled user dll's ...
Registered in 0.000907 seconds.
Begin MonoManager ReloadAssembly
Native extension for WindowsStandalone target not found
Refreshing native plugins compatible for Editor in 0.23 ms, found 0 plugins.
Preloading 0 native plugins for Editor in 0.00 ms.
Invoked RoslynAnalysisRunner static constructor.
RoslynAnalysisRunner will not be running.
RoslynAnalysisRunner has terminated.
Mono: successfully reloaded assembly
- Completed reload, in  0.733 seconds
Platform modules already initialized, skipping
Refreshing native plugins compatible for Editor in 0.26 ms, found 0 plugins.
Preloading 0 native plugins for Editor in 0.00 ms.
Unloading 1136 Unused Serialized files (Serialized files now loaded: 0)
System memory in use before: 75.3 MB.
System memory in use after: 75.3 MB.

Unloading 5 unused Assets to reduce memory usage. Loaded Objects now: 1706.
Total: 2.006800 ms (FindLiveObjects: 0.259100 ms CreateObjectMapping: 0.042800 ms MarkObjects: 1.586500 ms  DeleteObjects: 0.116700 ms)

========================================================================
Received Import Request.
  Time since last request: 266.626357 seconds.
  path: Assets/Scripts/Player.cs
  artifactKey: Guid(2f556364493cd3041b0106035dabb0f7) Importer(815301076,1909f56bfc062723c751e8b465ee728b)
Start importing Assets/Scripts/Player.cs using Guid(2f556364493cd3041b0106035dabb0f7) Importer(815301076,1909f56bfc062723c751e8b465ee728b)  -> (artifact id: 'b3eee8d6bfaf5b8be9b57d02058bb9e0') in 0.007342 seconds
  Import took 0.021084 seconds .

========================================================================
Received Import Request.
  Time since last request: 0.001156 seconds.
  path: Assets/Scripts/Player.cs
  artifactKey: Guid(2f556364493cd3041b0106035dabb0f7) Importer(815301076,1909f56bfc062723c751e8b465ee728b)
Start importing Assets/Scripts/Player.cs using Guid(2f556364493cd3041b0106035dabb0f7) Importer(815301076,1909f56bfc062723c751e8b465ee728b)  -> (artifact id: 'b3eee8d6bfaf5b8be9b57d02058bb9e0') in 0.003067 seconds
  Import took 0.005826 seconds .

========================================================================
Received Prepare
Registering precompiled user dll's ...
Registered in 0.000808 seconds.
Begin MonoManager ReloadAssembly
Native extension for WindowsStandalone target not found
Refreshing native plugins compatible for Editor in 0.47 ms, found 0 plugins.
Preloading 0 native plugins for Editor in 0.00 ms.
Invoked RoslynAnalysisRunner static constructor.
RoslynAnalysisRunner will not be running.
RoslynAnalysisRunner has terminated.
Mono: successfully reloaded assembly
- Completed reload, in  1.082 seconds
Platform modules already initialized, skipping
Refreshing native plugins compatible for Editor in 0.25 ms, found 0 plugins.
Preloading 0 native plugins for Editor in 0.00 ms.
Unloading 1137 Unused Serialized files (Serialized files now loaded: 0)
System memory in use before: 75.3 MB.
System memory in use after: 75.4 MB.

Unloading 5 unused Assets to reduce memory usage. Loaded Objects now: 1710.
Total: 2.179400 ms (FindLiveObjects: 0.193600 ms CreateObjectMapping: 0.040200 ms MarkObjects: 1.808400 ms  DeleteObjects: 0.136200 ms)

========================================================================
Received Import Request.
  Time since last request: 239.949111 seconds.
  path: Assets/Scripts/Player.cs
  artifactKey: Guid(2f556364493cd3041b0106035dabb0f7) Importer(815301076,1909f56bfc062723c751e8b465ee728b)
Start importing Assets/Scripts/Player.cs using Guid(2f556364493cd3041b0106035dabb0f7) Importer(815301076,1909f56bfc062723c751e8b465ee728b)  -> (artifact id: '225af6781f240f7eec9552fe3b659238') in 0.004676 seconds
  Import took 0.048791 seconds .

========================================================================
Received Import Request.
  Time since last request: 15.726472 seconds.
  path: Assets/Scripts/Player.cs
  artifactKey: Guid(2f556364493cd3041b0106035dabb0f7) Importer(815301076,1909f56bfc062723c751e8b465ee728b)
Start importing Assets/Scripts/Player.cs using Guid(2f556364493cd3041b0106035dabb0f7) Importer(815301076,1909f56bfc062723c751e8b465ee728b)  -> (artifact id: 'ae0a99461485d66254d8dba8a0ca0de4') in 0.005613 seconds
  Import took 0.040926 seconds .

========================================================================
Received Import Request.
  Time since last request: 19.943599 seconds.
  path: Assets/Scripts/Player.cs
  artifactKey: Guid(2f556364493cd3041b0106035dabb0f7) Importer(815301076,1909f56bfc062723c751e8b465ee728b)
Start importing Assets/Scripts/Player.cs using Guid(2f556364493cd3041b0106035dabb0f7) Importer(815301076,1909f56bfc062723c751e8b465ee728b)  -> (artifact id: 'e7f25b94fa9a1320575c35fd27686384') in 0.002616 seconds
  Import took 0.064020 seconds .

========================================================================
Received Import Request.
  Time since last request: 44.911602 seconds.
  path: Assets/Scripts/Player.cs
  artifactKey: Guid(2f556364493cd3041b0106035dabb0f7) Importer(815301076,1909f56bfc062723c751e8b465ee728b)
Start importing Assets/Scripts/Player.cs using Guid(2f556364493cd3041b0106035dabb0f7) Importer(815301076,1909f56bfc062723c751e8b465ee728b)  -> (artifact id: '2fc0ee0c36de35f11df1ffadef193dfc') in 0.004796 seconds
  Import took 0.007638 seconds .

========================================================================
Received Import Request.
  Time since last request: 322.922723 seconds.
  path: Assets/Scripts/Player.cs
  artifactKey: Guid(2f556364493cd3041b0106035dabb0f7) Importer(815301076,1909f56bfc062723c751e8b465ee728b)
Start importing Assets/Scripts/Player.cs using Guid(2f556364493cd3041b0106035dabb0f7) Importer(815301076,1909f56bfc062723c751e8b465ee728b)  -> (artifact id: '1af4fd8857b934042c4eb372ae706409') in 0.002316 seconds
  Import took 0.042285 seconds .

========================================================================
Received Prepare
Registering precompiled user dll's ...
Registered in 0.000896 seconds.
Begin MonoManager ReloadAssembly
Native extension for WindowsStandalone target not found
Refreshing native plugins compatible for Editor in 0.23 ms, found 0 plugins.
Preloading 0 native plugins for Editor in 0.00 ms.
Invoked RoslynAnalysisRunner static constructor.
RoslynAnalysisRunner will not be running.
RoslynAnalysisRunner has terminated.
Mono: successfully reloaded assembly
- Completed reload, in  0.770 seconds
Platform modules already initialized, skipping
Refreshing native plugins compatible for Editor in 0.24 ms, found 0 plugins.
Preloading 0 native plugins for Editor in 0.00 ms.
Unloading 1136 Unused Serialized files (Serialized files now loaded: 0)
System memory in use before: 75.3 MB.
System memory in use after: 75.3 MB.

Unloading 6 unused Assets to reduce memory usage. Loaded Objects now: 1712.
Total: 1.978800 ms (FindLiveObjects: 0.139500 ms CreateObjectMapping: 0.033900 ms MarkObjects: 1.674200 ms  DeleteObjects: 0.130000 ms)

========================================================================
Received Prepare
Registering precompiled user dll's ...
Registered in 0.000920 seconds.
Begin MonoManager ReloadAssembly
Native extension for WindowsStandalone target not found
Refreshing native plugins compatible for Editor in 0.24 ms, found 0 plugins.
Preloading 0 native plugins for Editor in 0.00 ms.
Invoked RoslynAnalysisRunner static constructor.
RoslynAnalysisRunner will not be running.
RoslynAnalysisRunner has terminated.
Mono: successfully reloaded assembly
- Completed reload, in  0.719 seconds
Platform modules already initialized, skipping
Refreshing native plugins compatible for Editor in 0.23 ms, found 0 plugins.
Preloading 0 native plugins for Editor in 0.00 ms.
Unloading 1136 Unused Serialized files (Serialized files now loaded: 0)
System memory in use before: 75.3 MB.
System memory in use after: 75.4 MB.

Unloading 5 unused Assets to reduce memory usage. Loaded Objects now: 1715.
Total: 2.100800 ms (FindLiveObjects: 0.318400 ms CreateObjectMapping: 0.087500 ms MarkObjects: 1.577100 ms  DeleteObjects: 0.115600 ms)

========================================================================
Received Import Request.
  Time since last request: 127.647198 seconds.
  path: Assets/Scripts/Bot.cs
  artifactKey: Guid(d2928eee786c0ed488596d8a58c7027c) Importer(815301076,1909f56bfc062723c751e8b465ee728b)
Start importing Assets/Scripts/Bot.cs using Guid(d2928eee786c0ed488596d8a58c7027c) Importer(815301076,1909f56bfc062723c751e8b465ee728b)  -> (artifact id: 'dfe3a538c05debb18a8de98a5178d75c') in 0.005904 seconds
  Import took 0.008748 seconds .

========================================================================
Received Prepare
Registering precompiled user dll's ...
Registered in 0.000825 seconds.
Begin MonoManager ReloadAssembly
Native extension for WindowsStandalone target not found
Refreshing native plugins compatible for Editor in 0.23 ms, found 0 plugins.
Preloading 0 native plugins for Editor in 0.00 ms.
Invoked RoslynAnalysisRunner static constructor.
RoslynAnalysisRunner will not be running.
RoslynAnalysisRunner has terminated.
Mono: successfully reloaded assembly
- Completed reload, in  0.764 seconds
Platform modules already initialized, skipping
Refreshing native plugins compatible for Editor in 0.25 ms, found 0 plugins.
Preloading 0 native plugins for Editor in 0.00 ms.
Unloading 1136 Unused Serialized files (Serialized files now loaded: 0)
System memory in use before: 75.3 MB.
System memory in use after: 75.4 MB.

Unloading 5 unused Assets to reduce memory usage. Loaded Objects now: 1718.
Total: 1.872900 ms (FindLiveObjects: 0.182700 ms CreateObjectMapping: 0.044500 ms MarkObjects: 1.529700 ms  DeleteObjects: 0.115000 ms)

========================================================================
Received Prepare
Registering precompiled user dll's ...
Registered in 0.002270 seconds.
Begin MonoManager ReloadAssembly
Native extension for WindowsStandalone target not found
Refreshing native plugins compatible for Editor in 0.26 ms, found 0 plugins.
Preloading 0 native plugins for Editor in 0.00 ms.
Invoked RoslynAnalysisRunner static constructor.
RoslynAnalysisRunner will not be running.
RoslynAnalysisRunner has terminated.
Mono: successfully reloaded assembly
- Completed reload, in  0.807 seconds
Platform modules already initialized, skipping
Refreshing native plugins compatible for Editor in 0.26 ms, found 0 plugins.
Preloading 0 native plugins for Editor in 0.00 ms.
Unloading 1136 Unused Serialized files (Serialized files now loaded: 0)
System memory in use before: 75.3 MB.
System memory in use after: 75.4 MB.

Unloading 5 unused Assets to reduce memory usage. Loaded Objects now: 1721.
Total: 4.378300 ms (FindLiveObjects: 0.310000 ms CreateObjectMapping: 0.098300 ms MarkObjects: 3.743900 ms  DeleteObjects: 0.224100 ms)

========================================================================
Received Import Request.
  Time since last request: 782.370544 seconds.
  path: Assets/Scripts/playerControler.cs
  artifactKey: Guid(f98288152b4b5cf41aa97af1926f3a9a) Importer(815301076,1909f56bfc062723c751e8b465ee728b)
Start importing Assets/Scripts/playerControler.cs using Guid(f98288152b4b5cf41aa97af1926f3a9a) Importer(815301076,1909f56bfc062723c751e8b465ee728b)  -> (artifact id: '486f168ce2e55f6d3c7f861e531197cf') in 0.005312 seconds
  Import took 0.061026 seconds .

========================================================================
Received Prepare
Registering precompiled user dll's ...
Registered in 0.000856 seconds.
Begin MonoManager ReloadAssembly
Native extension for WindowsStandalone target not found
Refreshing native plugins compatible for Editor in 0.28 ms, found 0 plugins.
Preloading 0 native plugins for Editor in 0.00 ms.
Invoked RoslynAnalysisRunner static constructor.
RoslynAnalysisRunner will not be running.
RoslynAnalysisRunner has terminated.
Mono: successfully reloaded assembly
- Completed reload, in  0.761 seconds
Platform modules already initialized, skipping
Refreshing native plugins compatible for Editor in 0.25 ms, found 0 plugins.
Preloading 0 native plugins for Editor in 0.00 ms.
Unloading 1136 Unused Serialized files (Serialized files now loaded: 0)
System memory in use before: 75.3 MB.
System memory in use after: 75.4 MB.

Unloading 5 unused Assets to reduce memory usage. Loaded Objects now: 1724.
Total: 1.896100 ms (FindLiveObjects: 0.169700 ms CreateObjectMapping: 0.047200 ms MarkObjects: 1.554300 ms  DeleteObjects: 0.123500 ms)

========================================================================
Received Prepare
Registering precompiled user dll's ...
Registered in 0.000859 seconds.
Begin MonoManager ReloadAssembly
Native extension for WindowsStandalone target not found
Refreshing native plugins compatible for Editor in 0.92 ms, found 0 plugins.
Preloading 0 native plugins for Editor in 0.00 ms.
Invoked RoslynAnalysisRunner static constructor.
RoslynAnalysisRunner will not be running.
RoslynAnalysisRunner has terminated.
Mono: successfully reloaded assembly
- Completed reload, in  0.767 seconds
Platform modules already initialized, skipping
Refreshing native plugins compatible for Editor in 0.25 ms, found 0 plugins.
Preloading 0 native plugins for Editor in 0.00 ms.
Unloading 1136 Unused Serialized files (Serialized files now loaded: 0)
System memory in use before: 75.3 MB.
System memory in use after: 75.4 MB.

Unloading 5 unused Assets to reduce memory usage. Loaded Objects now: 1727.
Total: 4.783100 ms (FindLiveObjects: 0.372900 ms CreateObjectMapping: 0.120100 ms MarkObjects: 4.111600 ms  DeleteObjects: 0.175800 ms)

========================================================================
Received Prepare
Registering precompiled user dll's ...
Registered in 0.000795 seconds.
Begin MonoManager ReloadAssembly
Native extension for WindowsStandalone target not found
Refreshing native plugins compatible for Editor in 0.29 ms, found 0 plugins.
Preloading 0 native plugins for Editor in 0.00 ms.
Invoked RoslynAnalysisRunner static constructor.
RoslynAnalysisRunner will not be running.
RoslynAnalysisRunner has terminated.
Mono: successfully reloaded assembly
- Completed reload, in  0.791 seconds
Platform modules already initialized, skipping
Refreshing native plugins compatible for Editor in 0.25 ms, found 0 plugins.
Preloading 0 native plugins for Editor in 0.00 ms.
Unloading 1136 Unused Serialized files (Serialized files now loaded: 0)
System memory in use before: 75.3 MB.
System memory in use after: 75.4 MB.

Unloading 5 unused Assets to reduce memory usage. Loaded Objects now: 1730.
Total: 2.223600 ms (FindLiveObjects: 0.145700 ms CreateObjectMapping: 0.037400 ms MarkObjects: 1.925000 ms  DeleteObjects: 0.114800 ms)

========================================================================
Received Prepare
Registering precompiled user dll's ...
Registered in 0.001001 seconds.
Begin MonoManager ReloadAssembly
Native extension for WindowsStandalone target not found
Refreshing native plugins compatible for Editor in 0.23 ms, found 0 plugins.
Preloading 0 native plugins for Editor in 0.00 ms.
Invoked RoslynAnalysisRunner static constructor.
RoslynAnalysisRunner will not be running.
RoslynAnalysisRunner has terminated.
Mono: successfully reloaded assembly
- Completed reload, in  0.776 seconds
Platform modules already initialized, skipping
Refreshing native plugins compatible for Editor in 0.26 ms, found 0 plugins.
Preloading 0 native plugins for Editor in 0.00 ms.
Unloading 1136 Unused Serialized files (Serialized files now loaded: 0)
System memory in use before: 75.3 MB.
System memory in use after: 75.4 MB.

Unloading 5 unused Assets to reduce memory usage. Loaded Objects now: 1733.
Total: 2.801300 ms (FindLiveObjects: 0.442600 ms CreateObjectMapping: 0.101400 ms MarkObjects: 2.095600 ms  DeleteObjects: 0.158900 ms)

========================================================================
Received Import Request.
  Time since last request: 1392.679315 seconds.
  path: Assets/Scenes/SampleScene.unity
  artifactKey: Guid(9fc0d4010bbf28b4594072e72b8655ab) Importer(815301076,1909f56bfc062723c751e8b465ee728b)
Start importing Assets/Scenes/SampleScene.unity using Guid(9fc0d4010bbf28b4594072e72b8655ab) Importer(815301076,1909f56bfc062723c751e8b465ee728b)  -> (artifact id: '68c42d24149746cceb2552605044050f') in 0.899252 seconds
  Import took 1.060642 seconds .

========================================================================
Received Prepare
Registering precompiled user dll's ...
Registered in 0.001574 seconds.
Begin MonoManager ReloadAssembly
Native extension for WindowsStandalone target not found
Refreshing native plugins compatible for Editor in 0.27 ms, found 0 plugins.
Preloading 0 native plugins for Editor in 0.00 ms.
Invoked RoslynAnalysisRunner static constructor.
RoslynAnalysisRunner will not be running.
RoslynAnalysisRunner has terminated.
Mono: successfully reloaded assembly
- Completed reload, in  1.441 seconds
Platform modules already initialized, skipping
Refreshing native plugins compatible for Editor in 0.33 ms, found 0 plugins.
Preloading 0 native plugins for Editor in 0.00 ms.
Unloading 1136 Unused Serialized files (Serialized files now loaded: 0)
System memory in use before: 75.3 MB.
System memory in use after: 75.4 MB.

Unloading 5 unused Assets to reduce memory usage. Loaded Objects now: 1736.
Total: 2.258600 ms (FindLiveObjects: 0.221700 ms CreateObjectMapping: 0.062900 ms MarkObjects: 1.817100 ms  DeleteObjects: 0.155200 ms)

========================================================================
Received Prepare
Registering precompiled user dll's ...
Registered in 0.000841 seconds.
Begin MonoManager ReloadAssembly
Native extension for WindowsStandalone target not found
Refreshing native plugins compatible for Editor in 0.24 ms, found 0 plugins.
Preloading 0 native plugins for Editor in 0.00 ms.
Invoked RoslynAnalysisRunner static constructor.
RoslynAnalysisRunner will not be running.
RoslynAnalysisRunner has terminated.
Mono: successfully reloaded assembly
- Completed reload, in  0.946 seconds
Platform modules already initialized, skipping
Refreshing native plugins compatible for Editor in 0.27 ms, found 0 plugins.
Preloading 0 native plugins for Editor in 0.00 ms.
Unloading 1136 Unused Serialized files (Serialized files now loaded: 0)
System memory in use before: 75.3 MB.
System memory in use after: 75.4 MB.

Unloading 5 unused Assets to reduce memory usage. Loaded Objects now: 1739.
Total: 1.943300 ms (FindLiveObjects: 0.159900 ms CreateObjectMapping: 0.036500 ms MarkObjects: 1.613800 ms  DeleteObjects: 0.132000 ms)

