Using pre-set license
Built from '2020.3/release' branch; Version is '2020.3.2f1 (8fd9074bf66c) revision 9427207'; Using compiler version '192528614'; Build Type 'Release'
OS: 'Windows 10 Home Single Language; OS build 19042.867; Version 2009; 64bit' Language: 'pt' Physical Memory: 7986 MB
BatchMode: 1, IsHumanControllingUs: 0, StartBugReporterOnCrash: 0, Is64bit: 1, IsPro: 0

 COMMAND LINE ARGUMENTS:
C:\Program Files\Unity\Hub\Editor\2020.3.2f1\Editor\Unity.exe
-adb2
-batchMode
-noUpm
-name
AssetImportWorker0
-projectPath
D:/Hackaton Brasa/Jogo Pique-Bandeira
-logFile
Logs/AssetImportWorker0.log
-srvPort
51923
Successfully changed project path to: D:/Hackaton Brasa/Jogo Pique-Bandeira
D:/Hackaton Brasa/Jogo Pique-Bandeira
Using Asset Import Pipeline V2.
Refreshing native plugins compatible for Editor in 21.86 ms, found 0 plugins.
Preloading 0 native plugins for Editor in 0.00 ms.
Initialize engine version: 2020.3.2f1 (8fd9074bf66c)
[Subsystems] Discovering subsystems at path C:/Program Files/Unity/Hub/Editor/2020.3.2f1/Editor/Data/Resources/UnitySubsystems
[Subsystems] Discovering subsystems at path D:/Hackaton Brasa/Jogo Pique-Bandeira/Assets
GfxDevice: creating device client; threaded=0
Direct3D:
    Version:  Direct3D 11.0 [level 11.1]
    Renderer: NVIDIA GeForce GTX 1050 Ti (ID=0x1c8c)
    Vendor:   
    VRAM:     4018 MB
    Driver:   27.21.14.5241
Initialize mono
Mono path[0] = 'C:/Program Files/Unity/Hub/Editor/2020.3.2f1/Editor/Data/Managed'
Mono path[1] = 'C:/Program Files/Unity/Hub/Editor/2020.3.2f1/Editor/Data/MonoBleedingEdge/lib/mono/unityjit'
Mono config path = 'C:/Program Files/Unity/Hub/Editor/2020.3.2f1/Editor/Data/MonoBleedingEdge/etc'
Using monoOptions --debugger-agent=transport=dt_socket,embedding=1,server=y,suspend=n,address=127.0.0.1:56068
Begin MonoManager ReloadAssembly
Registering precompiled unity dll's ...
Register platform support module: C:/Program Files/Unity/Hub/Editor/2020.3.2f1/Editor/Data/PlaybackEngines/WindowsStandaloneSupport/UnityEditor.WindowsStandalone.Extensions.dll
Registered in 0.002661 seconds.
Native extension for WindowsStandalone target not found
Refreshing native plugins compatible for Editor in 21.75 ms, found 0 plugins.
Preloading 0 native plugins for Editor in 0.00 ms.
Invoked RoslynAnalysisRunner static constructor.
RoslynAnalysisRunner will not be running.
RoslynAnalysisRunner has terminated.
Mono: successfully reloaded assembly
- Completed reload, in  1.230 seconds
Platform modules already initialized, skipping
Registering precompiled user dll's ...
Registered in 0.000864 seconds.
Begin MonoManager ReloadAssembly
Native extension for WindowsStandalone target not found
Refreshing native plugins compatible for Editor in 0.21 ms, found 0 plugins.
Preloading 0 native plugins for Editor in 0.00 ms.
Invoked RoslynAnalysisRunner static constructor.
RoslynAnalysisRunner will not be running.
RoslynAnalysisRunner has terminated.
Mono: successfully reloaded assembly
- Completed reload, in  0.755 seconds
Platform modules already initialized, skipping
========================================================================
Worker process is ready to serve import requests
Launched and connected shader compiler UnityShaderCompiler.exe after 0.05 seconds
Refreshing native plugins compatible for Editor in 0.20 ms, found 0 plugins.
Preloading 0 native plugins for Editor in 0.00 ms.
Unloading 1117 Unused Serialized files (Serialized files now loaded: 0)
System memory in use before: 69.5 MB.
System memory in use after: 69.5 MB.

Unloading 10 unused Assets to reduce memory usage. Loaded Objects now: 1576.
Total: 1.766000 ms (FindLiveObjects: 0.204200 ms CreateObjectMapping: 0.045300 ms MarkObjects: 1.396100 ms  DeleteObjects: 0.118800 ms)

========================================================================
Received Import Request.
  path: Assets/MoveJogador.cs
  artifactKey: Guid(e468cb965199d7f43ba0d99e9d5543b3) Importer(815301076,1909f56bfc062723c751e8b465ee728b)
Start importing Assets/MoveJogador.cs using Guid(e468cb965199d7f43ba0d99e9d5543b3) Importer(815301076,1909f56bfc062723c751e8b465ee728b)  -> (artifact id: 'f450d0226331b33dc887b00fc4363f7b') in 0.026823 seconds
  Import took 0.028556 seconds .

========================================================================
Received Prepare
Refreshing native plugins compatible for Editor in 1.34 ms, found 0 plugins.
Preloading 0 native plugins for Editor in 0.00 ms.
Unloading 3 Unused Serialized files (Serialized files now loaded: 0)
System memory in use before: 47.3 MB.
System memory in use after: 47.4 MB.

Unloading 3 unused Assets to reduce memory usage. Loaded Objects now: 1576.
Total: 8.474300 ms (FindLiveObjects: 0.525800 ms CreateObjectMapping: 0.357000 ms MarkObjects: 7.470500 ms  DeleteObjects: 0.117200 ms)

========================================================================
Received Prepare
Registering precompiled user dll's ...
Registered in 0.001014 seconds.
Begin MonoManager ReloadAssembly
Native extension for WindowsStandalone target not found
Refreshing native plugins compatible for Editor in 0.22 ms, found 0 plugins.
Preloading 0 native plugins for Editor in 0.00 ms.
Invoked RoslynAnalysisRunner static constructor.
RoslynAnalysisRunner will not be running.
RoslynAnalysisRunner has terminated.
Mono: successfully reloaded assembly
- Completed reload, in  0.778 seconds
Platform modules already initialized, skipping
Refreshing native plugins compatible for Editor in 0.22 ms, found 0 plugins.
Preloading 0 native plugins for Editor in 0.00 ms.
Unloading 1116 Unused Serialized files (Serialized files now loaded: 0)
System memory in use before: 69.6 MB.
System memory in use after: 69.7 MB.

Unloading 5 unused Assets to reduce memory usage. Loaded Objects now: 1583.
Total: 1.718400 ms (FindLiveObjects: 0.135000 ms CreateObjectMapping: 0.037500 ms MarkObjects: 1.456800 ms  DeleteObjects: 0.088200 ms)

========================================================================
Received Import Request.
  Time since last request: 149.873551 seconds.
  path: Assets/UltraMare/The Best Flag and Banner System
  artifactKey: Guid(c551329f917c8244f8da487449aaba30) Importer(815301076,1909f56bfc062723c751e8b465ee728b)
Start importing Assets/UltraMare/The Best Flag and Banner System using Guid(c551329f917c8244f8da487449aaba30) Importer(815301076,1909f56bfc062723c751e8b465ee728b)  -> (artifact id: '675c1f70c5e016f83ce7c5e5a0e2db74') in 0.004087 seconds
  Import took 0.005887 seconds .

========================================================================
Received Import Request.
  Time since last request: 0.003589 seconds.
  path: Assets/UltraMare/The Best Flag and Banner System
  artifactKey: Guid(c551329f917c8244f8da487449aaba30) Importer(815301076,1909f56bfc062723c751e8b465ee728b)
Start importing Assets/UltraMare/The Best Flag and Banner System using Guid(c551329f917c8244f8da487449aaba30) Importer(815301076,1909f56bfc062723c751e8b465ee728b)  -> (artifact id: '675c1f70c5e016f83ce7c5e5a0e2db74') in 0.002536 seconds
  Import took 0.005069 seconds .

========================================================================
Received Import Request.
  Time since last request: 1.997298 seconds.
  path: Assets/UltraMare/The Best Flag and Banner System/Prefabs
  artifactKey: Guid(bf350cd0de652d2478533eaf3a5cd7fa) Importer(815301076,1909f56bfc062723c751e8b465ee728b)
Start importing Assets/UltraMare/The Best Flag and Banner System/Prefabs using Guid(bf350cd0de652d2478533eaf3a5cd7fa) Importer(815301076,1909f56bfc062723c751e8b465ee728b)  -> (artifact id: '26f02916e6b06a0fb0d42f8360c9f267') in 0.002499 seconds
  Import took 0.004560 seconds .

========================================================================
Received Import Request.
  Time since last request: 0.087918 seconds.
  path: Assets/UltraMare/The Best Flag and Banner System/Prefabs/FlagHorizontal.prefab
  artifactKey: Guid(33cd11b498fa29444b5131fb04953851) Importer(815301076,1909f56bfc062723c751e8b465ee728b)
Start importing Assets/UltraMare/The Best Flag and Banner System/Prefabs/FlagHorizontal.prefab using Guid(33cd11b498fa29444b5131fb04953851) Importer(815301076,1909f56bfc062723c751e8b465ee728b)  -> (artifact id: 'c0ba1d1da4741560774a65e4ba06319a') in 0.771774 seconds
  Import took 0.773760 seconds .

========================================================================
Received Import Request.
  Time since last request: 0.000321 seconds.
  path: Assets/UltraMare/The Best Flag and Banner System/Prefabs/FlagVertical.prefab
  artifactKey: Guid(563fabfb3ab01254793b458343268ecc) Importer(815301076,1909f56bfc062723c751e8b465ee728b)
Start importing Assets/UltraMare/The Best Flag and Banner System/Prefabs/FlagVertical.prefab using Guid(563fabfb3ab01254793b458343268ecc) Importer(815301076,1909f56bfc062723c751e8b465ee728b)  -> (artifact id: '0963139ba4211ed16f2fb2cd57a38871') in 0.027446 seconds
  Import took 0.029610 seconds .

========================================================================
Received Import Request.
  Time since last request: 0.000282 seconds.
  path: Assets/UltraMare/The Best Flag and Banner System/Prefabs/Plane.prefab
  artifactKey: Guid(a0316dce87d02c9499db0d87c5d700ce) Importer(815301076,1909f56bfc062723c751e8b465ee728b)
Start importing Assets/UltraMare/The Best Flag and Banner System/Prefabs/Plane.prefab using Guid(a0316dce87d02c9499db0d87c5d700ce) Importer(815301076,1909f56bfc062723c751e8b465ee728b)  -> (artifact id: '7ded66ecff2ab708a03bc5d01938b385') in 0.010974 seconds
  Import took 0.013723 seconds .

========================================================================
Received Import Request.
  Time since last request: 0.000396 seconds.
  path: Assets/UltraMare/The Best Flag and Banner System/Prefabs/stand.prefab
  artifactKey: Guid(fac93d07ecc72b142ba551e6e66a4d5c) Importer(815301076,1909f56bfc062723c751e8b465ee728b)
Start importing Assets/UltraMare/The Best Flag and Banner System/Prefabs/stand.prefab using Guid(fac93d07ecc72b142ba551e6e66a4d5c) Importer(815301076,1909f56bfc062723c751e8b465ee728b)  -> (artifact id: '267f6882ea3ffc771ae2c5915620a331') in 0.009108 seconds
  Import took 0.011505 seconds .

========================================================================
Received Import Request.
  Time since last request: 0.000325 seconds.
  path: Assets/UltraMare/The Best Flag and Banner System/Prefabs/New Terrain 3.asset
  artifactKey: Guid(557df50bf65df5543bf102f2db36978f) Importer(815301076,1909f56bfc062723c751e8b465ee728b)
Start importing Assets/UltraMare/The Best Flag and Banner System/Prefabs/New Terrain 3.asset using Guid(557df50bf65df5543bf102f2db36978f) Importer(815301076,1909f56bfc062723c751e8b465ee728b)  -> (artifact id: 'f922d0e665b9e9444729e37575545a77') in 0.117777 seconds
  Import took 0.218987 seconds .

========================================================================
Received Import Request.
  Time since last request: 0.000279 seconds.
  path: Assets/UltraMare/The Best Flag and Banner System/Prefabs/Pole.prefab
  artifactKey: Guid(9c2a64d7b46e761499d738cb121dbbc9) Importer(815301076,1909f56bfc062723c751e8b465ee728b)
Start importing Assets/UltraMare/The Best Flag and Banner System/Prefabs/Pole.prefab using Guid(9c2a64d7b46e761499d738cb121dbbc9) Importer(815301076,1909f56bfc062723c751e8b465ee728b)  -> (artifact id: 'd0e33b0dfdb2cca94de07719494bbdaa') in 0.008589 seconds
  Import took 0.010921 seconds .

========================================================================
Received Import Request.
  Time since last request: 0.000346 seconds.
  path: Assets/UltraMare/The Best Flag and Banner System/Prefabs/WallFabric 1.prefab
  artifactKey: Guid(33deafc3f1eb3264c90abc4bcecf0631) Importer(815301076,1909f56bfc062723c751e8b465ee728b)
Start importing Assets/UltraMare/The Best Flag and Banner System/Prefabs/WallFabric 1.prefab using Guid(33deafc3f1eb3264c90abc4bcecf0631) Importer(815301076,1909f56bfc062723c751e8b465ee728b)  -> (artifact id: '4a030293b86b135dea85ccc604c1707c') in 0.019993 seconds
  Import took 0.023380 seconds .

========================================================================
Received Import Request.
  Time since last request: 0.000385 seconds.
  path: Assets/UltraMare/The Best Flag and Banner System/Prefabs/New Terrain 4.asset
  artifactKey: Guid(bd1f45db1cfce9d47964097a98780797) Importer(815301076,1909f56bfc062723c751e8b465ee728b)
Start importing Assets/UltraMare/The Best Flag and Banner System/Prefabs/New Terrain 4.asset using Guid(bd1f45db1cfce9d47964097a98780797) Importer(815301076,1909f56bfc062723c751e8b465ee728b)  -> (artifact id: '4649b2c583c1bd320b6c5cadf67983fe') in 0.102725 seconds
  Import took 0.104810 seconds .

========================================================================
Received Import Request.
  Time since last request: 0.000308 seconds.
  path: Assets/UltraMare/The Best Flag and Banner System/Prefabs/Pole_small.prefab
  artifactKey: Guid(0d88ed4b396e78148802496703c4bd2b) Importer(815301076,1909f56bfc062723c751e8b465ee728b)
Start importing Assets/UltraMare/The Best Flag and Banner System/Prefabs/Pole_small.prefab using Guid(0d88ed4b396e78148802496703c4bd2b) Importer(815301076,1909f56bfc062723c751e8b465ee728b)  -> (artifact id: '3b56ac5c5057080863b8a3af89aba40f') in 0.009409 seconds
  Import took 0.011395 seconds .

========================================================================
Received Import Request.
  Time since last request: 0.000338 seconds.
  path: Assets/UltraMare/The Best Flag and Banner System/Prefabs/New Terrain 1.asset
  artifactKey: Guid(cf99d33d3704cad4aa16f02742dae2a7) Importer(815301076,1909f56bfc062723c751e8b465ee728b)
Start importing Assets/UltraMare/The Best Flag and Banner System/Prefabs/New Terrain 1.asset using Guid(cf99d33d3704cad4aa16f02742dae2a7) Importer(815301076,1909f56bfc062723c751e8b465ee728b)  -> (artifact id: '83dcdde78827e6d17faac205aa557f8e') in 0.099741 seconds
  Import took 0.114412 seconds .

========================================================================
Received Import Request.
  Time since last request: 0.000314 seconds.
  path: Assets/UltraMare/The Best Flag and Banner System/Prefabs/New Terrain 5.asset
  artifactKey: Guid(c7a662728271b3f438b3e91a1e425337) Importer(815301076,1909f56bfc062723c751e8b465ee728b)
Start importing Assets/UltraMare/The Best Flag and Banner System/Prefabs/New Terrain 5.asset using Guid(c7a662728271b3f438b3e91a1e425337) Importer(815301076,1909f56bfc062723c751e8b465ee728b)  -> (artifact id: '82352c024a1efedf9f9256430eddc581') in 0.110329 seconds
  Import took 0.149512 seconds .

========================================================================
Received Import Request.
  Time since last request: 0.000317 seconds.
  path: Assets/UltraMare/The Best Flag and Banner System/Prefabs/New Terrain.asset
  artifactKey: Guid(5ec75feb5dc91704d8d4ebaa530682e9) Importer(815301076,1909f56bfc062723c751e8b465ee728b)
Start importing Assets/UltraMare/The Best Flag and Banner System/Prefabs/New Terrain.asset using Guid(5ec75feb5dc91704d8d4ebaa530682e9) Importer(815301076,1909f56bfc062723c751e8b465ee728b)  -> (artifact id: '787813a1f7819194ac9a72771b38f90f') in 0.099621 seconds
  Import took 0.101457 seconds .

========================================================================
Received Import Request.
  Time since last request: 0.000305 seconds.
  path: Assets/UltraMare/The Best Flag and Banner System/Prefabs/New Terrain 2.asset
  artifactKey: Guid(af84db2fbf11659439fb3bd6f365806c) Importer(815301076,1909f56bfc062723c751e8b465ee728b)
Start importing Assets/UltraMare/The Best Flag and Banner System/Prefabs/New Terrain 2.asset using Guid(af84db2fbf11659439fb3bd6f365806c) Importer(815301076,1909f56bfc062723c751e8b465ee728b)  -> (artifact id: 'e4463933b1a015b7d3c6b54838ad65af') in 0.098841 seconds
  Import took 0.100649 seconds .

========================================================================
Received Import Request.
  Time since last request: 626.957180 seconds.
  path: Assets/Bot.cs
  artifactKey: Guid(d2928eee786c0ed488596d8a58c7027c) Importer(815301076,1909f56bfc062723c751e8b465ee728b)
Start importing Assets/Bot.cs using Guid(d2928eee786c0ed488596d8a58c7027c) Importer(815301076,1909f56bfc062723c751e8b465ee728b)  -> (artifact id: 'ba48e451b14b2e4988a19ba523628933') in 0.002455 seconds
  Import took 0.326286 seconds .

========================================================================
Received Prepare
Registering precompiled user dll's ...
Registered in 0.000952 seconds.
Begin MonoManager ReloadAssembly
Native extension for WindowsStandalone target not found
Refreshing native plugins compatible for Editor in 0.21 ms, found 0 plugins.
Preloading 0 native plugins for Editor in 0.00 ms.
Invoked RoslynAnalysisRunner static constructor.
RoslynAnalysisRunner will not be running.
RoslynAnalysisRunner has terminated.
Mono: successfully reloaded assembly
- Completed reload, in  0.737 seconds
Platform modules already initialized, skipping
Refreshing native plugins compatible for Editor in 0.22 ms, found 0 plugins.
Preloading 0 native plugins for Editor in 0.00 ms.
Unloading 1116 Unused Serialized files (Serialized files now loaded: 0)
System memory in use before: 73.2 MB.
System memory in use after: 73.3 MB.

Unloading 5 unused Assets to reduce memory usage. Loaded Objects now: 1598.
Total: 1.882200 ms (FindLiveObjects: 0.137600 ms CreateObjectMapping: 0.036300 ms MarkObjects: 1.608200 ms  DeleteObjects: 0.098200 ms)

========================================================================
Received Import Request.
  Time since last request: 56.468985 seconds.
  path: Assets/Bot.cs
  artifactKey: Guid(d2928eee786c0ed488596d8a58c7027c) Importer(815301076,1909f56bfc062723c751e8b465ee728b)
Start importing Assets/Bot.cs using Guid(d2928eee786c0ed488596d8a58c7027c) Importer(815301076,1909f56bfc062723c751e8b465ee728b)  -> (artifact id: '65b2e1449ebc9971a49b226cfc00cd11') in 0.003914 seconds
  Import took 0.005784 seconds .

========================================================================
Received Prepare
Registering precompiled user dll's ...
Registered in 0.000858 seconds.
Begin MonoManager ReloadAssembly
Native extension for WindowsStandalone target not found
Refreshing native plugins compatible for Editor in 0.43 ms, found 0 plugins.
Preloading 0 native plugins for Editor in 0.00 ms.
Invoked RoslynAnalysisRunner static constructor.
RoslynAnalysisRunner will not be running.
RoslynAnalysisRunner has terminated.
Mono: successfully reloaded assembly
- Completed reload, in  0.701 seconds
Platform modules already initialized, skipping
Refreshing native plugins compatible for Editor in 0.22 ms, found 0 plugins.
Preloading 0 native plugins for Editor in 0.00 ms.
Unloading 1116 Unused Serialized files (Serialized files now loaded: 0)
System memory in use before: 73.2 MB.
System memory in use after: 73.3 MB.

Unloading 5 unused Assets to reduce memory usage. Loaded Objects now: 1601.
Total: 1.897300 ms (FindLiveObjects: 0.228500 ms CreateObjectMapping: 0.076500 ms MarkObjects: 1.495600 ms  DeleteObjects: 0.095200 ms)

========================================================================
Received Prepare
Registering precompiled user dll's ...
Registered in 0.000752 seconds.
Begin MonoManager ReloadAssembly
Native extension for WindowsStandalone target not found
Refreshing native plugins compatible for Editor in 0.23 ms, found 0 plugins.
Preloading 0 native plugins for Editor in 0.00 ms.
Invoked RoslynAnalysisRunner static constructor.
RoslynAnalysisRunner will not be running.
RoslynAnalysisRunner has terminated.
Mono: successfully reloaded assembly
- Completed reload, in  0.740 seconds
Platform modules already initialized, skipping
Refreshing native plugins compatible for Editor in 0.22 ms, found 0 plugins.
Preloading 0 native plugins for Editor in 0.00 ms.
Unloading 1116 Unused Serialized files (Serialized files now loaded: 0)
System memory in use before: 73.3 MB.
System memory in use after: 73.4 MB.

Unloading 5 unused Assets to reduce memory usage. Loaded Objects now: 1604.
Total: 1.842800 ms (FindLiveObjects: 0.178100 ms CreateObjectMapping: 0.047600 ms MarkObjects: 1.521900 ms  DeleteObjects: 0.093500 ms)

========================================================================
Received Import Request.
  Time since last request: 451.424749 seconds.
  path: Assets/New Folder
  artifactKey: Guid(5e95f58389f24ae4c9a604650ae4ae1d) Importer(815301076,1909f56bfc062723c751e8b465ee728b)
Start importing Assets/New Folder using Guid(5e95f58389f24ae4c9a604650ae4ae1d) Importer(815301076,1909f56bfc062723c751e8b465ee728b)  -> (artifact id: '951a1060f8ff5411f8cf7861df697404') in 0.005450 seconds
  Import took 0.065341 seconds .

========================================================================
Received Import Request.
  Time since last request: 9.119806 seconds.
  path: Assets/New Folder/Animacao
  artifactKey: Guid(df0f95c56a5636d4e8123d403267b460) Importer(815301076,1909f56bfc062723c751e8b465ee728b)
Start importing Assets/New Folder/Animacao using Guid(df0f95c56a5636d4e8123d403267b460) Importer(815301076,1909f56bfc062723c751e8b465ee728b)  -> (artifact id: '5ebc3d8757e5b60aac290614fe4b6faa') in 0.002828 seconds
  Import took 0.004767 seconds .

========================================================================
Received Import Request.
  Time since last request: 32.729453 seconds.
  path: Assets/animacao/Idle.fbx
  artifactKey: Guid(47e44e07f0f76f14bbbb516367074d76) Importer(815301076,1909f56bfc062723c751e8b465ee728b)
Start importing Assets/animacao/Idle.fbx using Guid(47e44e07f0f76f14bbbb516367074d76) Importer(815301076,1909f56bfc062723c751e8b465ee728b)  -> (artifact id: 'a83efa43b5c35532e547e36994091321') in 0.523334 seconds
  Import took 0.525713 seconds .

========================================================================
Received Import Request.
  Time since last request: 6.412073 seconds.
  path: Assets/animacao/Running.fbx
  artifactKey: Guid(d311448516d57464eb5a8b995fa0f4cc) Importer(815301076,1909f56bfc062723c751e8b465ee728b)
Start importing Assets/animacao/Running.fbx using Guid(d311448516d57464eb5a8b995fa0f4cc) Importer(815301076,1909f56bfc062723c751e8b465ee728b)  -> (artifact id: '5bfb97c70f6df16c3d091f26c6acb18e') in 0.034176 seconds
  Import took 0.037013 seconds .

========================================================================
Received Import Request.
  Time since last request: 57.984221 seconds.
  path: Assets/animacao/Idle.fbx
  artifactKey: Guid(47e44e07f0f76f14bbbb516367074d76) Importer(815301076,1909f56bfc062723c751e8b465ee728b)
Start importing Assets/animacao/Idle.fbx using Guid(47e44e07f0f76f14bbbb516367074d76) Importer(815301076,1909f56bfc062723c751e8b465ee728b)  -> (artifact id: '87d9db496f6c5f3dceaa27b54127fa9c') in 0.061383 seconds
  Import took 0.095910 seconds .

========================================================================
Received Import Request.
  Time since last request: 0.000343 seconds.
  path: Assets/animacao/Ch46_1001_Glossiness.png
  artifactKey: Guid(a465d66107b61bd48ad19497e433c04b) Importer(815301076,1909f56bfc062723c751e8b465ee728b)
Start importing Assets/animacao/Ch46_1001_Glossiness.png using Guid(a465d66107b61bd48ad19497e433c04b) Importer(815301076,1909f56bfc062723c751e8b465ee728b)  -> (artifact id: '08abd793f4f12df9dfbd6e8c5439a426') in 0.042056 seconds
  Import took 0.044365 seconds .

========================================================================
Received Import Request.
  Time since last request: 0.000284 seconds.
  path: Assets/animacao/Ch46_1001_Normal.png
  artifactKey: Guid(4cb2efb6f50e3424eb2ed0d0cd935d74) Importer(815301076,1909f56bfc062723c751e8b465ee728b)
Start importing Assets/animacao/Ch46_1001_Normal.png using Guid(4cb2efb6f50e3424eb2ed0d0cd935d74) Importer(815301076,1909f56bfc062723c751e8b465ee728b)  -> (artifact id: '24c2f915296278bd0483904cd2227f80') in 0.013479 seconds
  Import took 0.015332 seconds .

========================================================================
Received Import Request.
  Time since last request: 0.000394 seconds.
  path: Assets/animacao/Ch46_1001_Diffuse.png
  artifactKey: Guid(a4305dea7c978864a93256f5171ef0b4) Importer(815301076,1909f56bfc062723c751e8b465ee728b)
Start importing Assets/animacao/Ch46_1001_Diffuse.png using Guid(a4305dea7c978864a93256f5171ef0b4) Importer(815301076,1909f56bfc062723c751e8b465ee728b)  -> (artifact id: '9996fad5e5b318a211d0e1166d5529cf') in 0.013322 seconds
  Import took 0.028376 seconds .

========================================================================
Received Import Request.
  Time since last request: 0.000303 seconds.
  path: Assets/animacao/Running.fbx
  artifactKey: Guid(d311448516d57464eb5a8b995fa0f4cc) Importer(815301076,1909f56bfc062723c751e8b465ee728b)
Start importing Assets/animacao/Running.fbx using Guid(d311448516d57464eb5a8b995fa0f4cc) Importer(815301076,1909f56bfc062723c751e8b465ee728b)  -> (artifact id: '1adb20d269da071c65866a982749b26c') in 0.054120 seconds
  Import took 0.056329 seconds .

========================================================================
Received Import Request.
  Time since last request: 0.000286 seconds.
  path: Assets/animacao/Ch46_1001_Specular.png
  artifactKey: Guid(5bbf62b566081a14fb308c0c660a9171) Importer(815301076,1909f56bfc062723c751e8b465ee728b)
Start importing Assets/animacao/Ch46_1001_Specular.png using Guid(5bbf62b566081a14fb308c0c660a9171) Importer(815301076,1909f56bfc062723c751e8b465ee728b)  -> (artifact id: '8f6dcfe3b1f14e5968c8912f99c89eb5') in 0.012713 seconds
  Import took 0.014467 seconds .

========================================================================
Received Import Request.
  Time since last request: 7.336826 seconds.
  path: Assets/animacao/Ch46_1001_Normal.png
  artifactKey: Guid(4cb2efb6f50e3424eb2ed0d0cd935d74) Importer(815301076,1909f56bfc062723c751e8b465ee728b)
Start importing Assets/animacao/Ch46_1001_Normal.png using Guid(4cb2efb6f50e3424eb2ed0d0cd935d74) Importer(815301076,1909f56bfc062723c751e8b465ee728b)  -> (artifact id: '5d625ffd7155ad4c95866e80f3829f6a') in 0.021229 seconds
  Import took 0.024337 seconds .

========================================================================
Received Prepare
Registering precompiled user dll's ...
Registered in 0.000809 seconds.
Begin MonoManager ReloadAssembly
Native extension for WindowsStandalone target not found
Refreshing native plugins compatible for Editor in 0.23 ms, found 0 plugins.
Preloading 0 native plugins for Editor in 0.00 ms.
Invoked RoslynAnalysisRunner static constructor.
RoslynAnalysisRunner will not be running.
RoslynAnalysisRunner has terminated.
Mono: successfully reloaded assembly
- Completed reload, in  0.713 seconds
Platform modules already initialized, skipping
Refreshing native plugins compatible for Editor in 0.22 ms, found 0 plugins.
Preloading 0 native plugins for Editor in 0.00 ms.
Unloading 1116 Unused Serialized files (Serialized files now loaded: 0)
System memory in use before: 87.4 MB.
System memory in use after: 87.4 MB.

Unloading 5 unused Assets to reduce memory usage. Loaded Objects now: 1647.
Total: 1.885700 ms (FindLiveObjects: 0.138500 ms CreateObjectMapping: 0.033600 ms MarkObjects: 1.532500 ms  DeleteObjects: 0.179800 ms)

========================================================================
Received Import Request.
  Time since last request: 147.932938 seconds.
  path: Assets/animacao
  artifactKey: Guid(5e95f58389f24ae4c9a604650ae4ae1d) Importer(815301076,1909f56bfc062723c751e8b465ee728b)
Start importing Assets/animacao using Guid(5e95f58389f24ae4c9a604650ae4ae1d) Importer(815301076,1909f56bfc062723c751e8b465ee728b)  -> (artifact id: 'b67ca1952b3273f3c0d4b4407a0b17ad') in 0.005298 seconds
  Import took 0.063533 seconds .

========================================================================
Received Import Request.
  Time since last request: 14.374121 seconds.
  path: Assets/animacao/playerControler.controller
  artifactKey: Guid(3e2e92bf5f1ca874ea66d9d610bd55ab) Importer(815301076,1909f56bfc062723c751e8b465ee728b)
Start importing Assets/animacao/playerControler.controller using Guid(3e2e92bf5f1ca874ea66d9d610bd55ab) Importer(815301076,1909f56bfc062723c751e8b465ee728b)  -> (artifact id: '338486e3ed4855ce50f53b53743f7d41') in 0.014337 seconds
  Import took 0.017004 seconds .

========================================================================
Received Prepare
Registering precompiled user dll's ...
Registered in 0.000965 seconds.
Begin MonoManager ReloadAssembly
Native extension for WindowsStandalone target not found
Refreshing native plugins compatible for Editor in 0.22 ms, found 0 plugins.
Preloading 0 native plugins for Editor in 0.00 ms.
Invoked RoslynAnalysisRunner static constructor.
RoslynAnalysisRunner will not be running.
RoslynAnalysisRunner has terminated.
Mono: successfully reloaded assembly
- Completed reload, in  0.707 seconds
Platform modules already initialized, skipping
Refreshing native plugins compatible for Editor in 0.23 ms, found 0 plugins.
Preloading 0 native plugins for Editor in 0.00 ms.
Unloading 1116 Unused Serialized files (Serialized files now loaded: 0)
System memory in use before: 87.4 MB.
System memory in use after: 87.4 MB.

Unloading 5 unused Assets to reduce memory usage. Loaded Objects now: 1650.
Total: 1.737500 ms (FindLiveObjects: 0.145200 ms CreateObjectMapping: 0.033000 ms MarkObjects: 1.472800 ms  DeleteObjects: 0.085700 ms)

========================================================================
Received Prepare
Registering precompiled user dll's ...
Registered in 0.000812 seconds.
Begin MonoManager ReloadAssembly
Native extension for WindowsStandalone target not found
Refreshing native plugins compatible for Editor in 0.21 ms, found 0 plugins.
Preloading 0 native plugins for Editor in 0.00 ms.
Invoked RoslynAnalysisRunner static constructor.
RoslynAnalysisRunner will not be running.
RoslynAnalysisRunner has terminated.
Mono: successfully reloaded assembly
- Completed reload, in  0.709 seconds
Platform modules already initialized, skipping
Refreshing native plugins compatible for Editor in 0.22 ms, found 0 plugins.
Preloading 0 native plugins for Editor in 0.00 ms.
Unloading 1116 Unused Serialized files (Serialized files now loaded: 0)
System memory in use before: 87.4 MB.
System memory in use after: 87.4 MB.

Unloading 5 unused Assets to reduce memory usage. Loaded Objects now: 1653.
Total: 1.893800 ms (FindLiveObjects: 0.184800 ms CreateObjectMapping: 0.039600 ms MarkObjects: 1.550300 ms  DeleteObjects: 0.117700 ms)

========================================================================
Received Import Request.
  Time since last request: 351.680607 seconds.
  path: Assets/animacao/mixamo.com.anim
  artifactKey: Guid(72de5f57fc4d5f349a628daa04161702) Importer(815301076,1909f56bfc062723c751e8b465ee728b)
Start importing Assets/animacao/mixamo.com.anim using Guid(72de5f57fc4d5f349a628daa04161702) Importer(815301076,1909f56bfc062723c751e8b465ee728b)  -> (artifact id: '957b82bbd7e76a4af0b1110d84303224') in 0.024177 seconds
  Import took 0.026324 seconds .

========================================================================
Received Import Request.
  Time since last request: 29.107601 seconds.
  path: Assets/animacao/mixamo.com 1.anim
  artifactKey: Guid(3795e8dbc61ddab45bd636879014b765) Importer(815301076,1909f56bfc062723c751e8b465ee728b)
Start importing Assets/animacao/mixamo.com 1.anim using Guid(3795e8dbc61ddab45bd636879014b765) Importer(815301076,1909f56bfc062723c751e8b465ee728b)  -> (artifact id: '0d07c2fa148276a6571ab71bd53420fb') in 0.011151 seconds
  Import took 0.013464 seconds .

========================================================================
Received Import Request.
  Time since last request: 14.422005 seconds.
  path: Assets/animacao/walking.anim
  artifactKey: Guid(72de5f57fc4d5f349a628daa04161702) Importer(815301076,1909f56bfc062723c751e8b465ee728b)
Start importing Assets/animacao/walking.anim using Guid(72de5f57fc4d5f349a628daa04161702) Importer(815301076,1909f56bfc062723c751e8b465ee728b)  -> (artifact id: '655d59f0665607a3ac40ecee919483ee') in 0.011200 seconds
  Import took 0.013616 seconds .

========================================================================
Received Prepare
Registering precompiled user dll's ...
Registered in 0.000900 seconds.
Begin MonoManager ReloadAssembly
Native extension for WindowsStandalone target not found
Refreshing native plugins compatible for Editor in 0.22 ms, found 0 plugins.
Preloading 0 native plugins for Editor in 0.00 ms.
Invoked RoslynAnalysisRunner static constructor.
RoslynAnalysisRunner will not be running.
RoslynAnalysisRunner has terminated.
Mono: successfully reloaded assembly
- Completed reload, in  0.738 seconds
Platform modules already initialized, skipping
Refreshing native plugins compatible for Editor in 0.23 ms, found 0 plugins.
Preloading 0 native plugins for Editor in 0.00 ms.
Unloading 1116 Unused Serialized files (Serialized files now loaded: 0)
System memory in use before: 87.4 MB.
System memory in use after: 87.4 MB.

Unloading 5 unused Assets to reduce memory usage. Loaded Objects now: 1656.
Total: 2.342400 ms (FindLiveObjects: 0.510500 ms CreateObjectMapping: 0.033100 ms MarkObjects: 1.684100 ms  DeleteObjects: 0.109900 ms)

========================================================================
Received Import Request.
  Time since last request: 229.770266 seconds.
  path: Assets/Scripts
  artifactKey: Guid(e996755de30043b4e85309d942088071) Importer(815301076,1909f56bfc062723c751e8b465ee728b)
Start importing Assets/Scripts using Guid(e996755de30043b4e85309d942088071) Importer(815301076,1909f56bfc062723c751e8b465ee728b)  -> (artifact id: '378c741287f59491d9e7c2e7eee2ff5f') in 0.040297 seconds
  Import took 0.042654 seconds .

========================================================================
Received Prepare
Registering precompiled user dll's ...
Registered in 0.000991 seconds.
Begin MonoManager ReloadAssembly
Native extension for WindowsStandalone target not found
Refreshing native plugins compatible for Editor in 0.34 ms, found 0 plugins.
Preloading 0 native plugins for Editor in 0.00 ms.
Invoked RoslynAnalysisRunner static constructor.
RoslynAnalysisRunner will not be running.
RoslynAnalysisRunner has terminated.
Mono: successfully reloaded assembly
- Completed reload, in  0.727 seconds
Platform modules already initialized, skipping
Refreshing native plugins compatible for Editor in 0.22 ms, found 0 plugins.
Preloading 0 native plugins for Editor in 0.00 ms.
Unloading 1116 Unused Serialized files (Serialized files now loaded: 0)
System memory in use before: 87.4 MB.
System memory in use after: 87.4 MB.

Unloading 5 unused Assets to reduce memory usage. Loaded Objects now: 1659.
Total: 2.028100 ms (FindLiveObjects: 0.178200 ms CreateObjectMapping: 0.041700 ms MarkObjects: 1.715200 ms  DeleteObjects: 0.091300 ms)

========================================================================
Received Prepare
Registering precompiled user dll's ...
Registered in 0.000788 seconds.
Begin MonoManager ReloadAssembly
Native extension for WindowsStandalone target not found
Refreshing native plugins compatible for Editor in 0.22 ms, found 0 plugins.
Preloading 0 native plugins for Editor in 0.00 ms.
Invoked RoslynAnalysisRunner static constructor.
RoslynAnalysisRunner will not be running.
RoslynAnalysisRunner has terminated.
Mono: successfully reloaded assembly
- Completed reload, in  0.719 seconds
Platform modules already initialized, skipping
Refreshing native plugins compatible for Editor in 0.22 ms, found 0 plugins.
Preloading 0 native plugins for Editor in 0.00 ms.
Unloading 1116 Unused Serialized files (Serialized files now loaded: 0)
System memory in use before: 87.4 MB.
System memory in use after: 87.4 MB.

Unloading 5 unused Assets to reduce memory usage. Loaded Objects now: 1662.
Total: 1.681100 ms (FindLiveObjects: 0.139700 ms CreateObjectMapping: 0.035800 ms MarkObjects: 1.404100 ms  DeleteObjects: 0.099700 ms)

========================================================================
Received Import Request.
  Time since last request: 39.689482 seconds.
  path: Assets/Scripts/playerControler.cs
  artifactKey: Guid(f98288152b4b5cf41aa97af1926f3a9a) Importer(815301076,1909f56bfc062723c751e8b465ee728b)
Start importing Assets/Scripts/playerControler.cs using Guid(f98288152b4b5cf41aa97af1926f3a9a) Importer(815301076,1909f56bfc062723c751e8b465ee728b)  -> (artifact id: '67277b7697a8676acd37a340ad5e9583') in 0.004501 seconds
  Import took 0.007314 seconds .

========================================================================
Received Prepare
Registering precompiled user dll's ...
Registered in 0.000800 seconds.
Begin MonoManager ReloadAssembly
Native extension for WindowsStandalone target not found
Refreshing native plugins compatible for Editor in 0.22 ms, found 0 plugins.
Preloading 0 native plugins for Editor in 0.00 ms.
Invoked RoslynAnalysisRunner static constructor.
RoslynAnalysisRunner will not be running.
RoslynAnalysisRunner has terminated.
Mono: successfully reloaded assembly
- Completed reload, in  0.736 seconds
Platform modules already initialized, skipping
Refreshing native plugins compatible for Editor in 0.22 ms, found 0 plugins.
Preloading 0 native plugins for Editor in 0.00 ms.
Unloading 1117 Unused Serialized files (Serialized files now loaded: 0)
System memory in use before: 87.4 MB.
System memory in use after: 87.5 MB.

Unloading 5 unused Assets to reduce memory usage. Loaded Objects now: 1666.
Total: 2.074300 ms (FindLiveObjects: 0.276400 ms CreateObjectMapping: 0.054000 ms MarkObjects: 1.641800 ms  DeleteObjects: 0.099600 ms)

========================================================================
Received Import Request.
  Time since last request: 1090.029826 seconds.
  path: Assets/Scripts/playerControler.cs
  artifactKey: Guid(f98288152b4b5cf41aa97af1926f3a9a) Importer(815301076,1909f56bfc062723c751e8b465ee728b)
Start importing Assets/Scripts/playerControler.cs using Guid(f98288152b4b5cf41aa97af1926f3a9a) Importer(815301076,1909f56bfc062723c751e8b465ee728b)  -> (artifact id: '7af840865f809e4cf1414b93fa94d97a') in 0.006900 seconds
  Import took 0.082662 seconds .

========================================================================
Received Import Request.
  Time since last request: 212.601826 seconds.
  path: Assets/Scripts/playerControler.cs
  artifactKey: Guid(f98288152b4b5cf41aa97af1926f3a9a) Importer(815301076,1909f56bfc062723c751e8b465ee728b)
Start importing Assets/Scripts/playerControler.cs using Guid(f98288152b4b5cf41aa97af1926f3a9a) Importer(815301076,1909f56bfc062723c751e8b465ee728b)  -> (artifact id: 'e9ba1fa09a088f406e2e7594d3114627') in 0.002667 seconds
  Import took 0.004885 seconds .

========================================================================
Received Import Request.
  Time since last request: 28.222490 seconds.
  path: Assets/Scripts/playerControler.cs
  artifactKey: Guid(f98288152b4b5cf41aa97af1926f3a9a) Importer(815301076,1909f56bfc062723c751e8b465ee728b)
Start importing Assets/Scripts/playerControler.cs using Guid(f98288152b4b5cf41aa97af1926f3a9a) Importer(815301076,1909f56bfc062723c751e8b465ee728b)  -> (artifact id: 'b1686ba1899ab8ca6700245ba9d2ff4a') in 0.002300 seconds
  Import took 0.004783 seconds .

========================================================================
Received Prepare
Registering precompiled user dll's ...
Registered in 0.000782 seconds.
Begin MonoManager ReloadAssembly
Native extension for WindowsStandalone target not found
Refreshing native plugins compatible for Editor in 0.26 ms, found 0 plugins.
Preloading 0 native plugins for Editor in 0.00 ms.
Invoked RoslynAnalysisRunner static constructor.
RoslynAnalysisRunner will not be running.
RoslynAnalysisRunner has terminated.
Mono: successfully reloaded assembly
- Completed reload, in  0.717 seconds
Platform modules already initialized, skipping
Refreshing native plugins compatible for Editor in 0.23 ms, found 0 plugins.
Preloading 0 native plugins for Editor in 0.00 ms.
Unloading 1117 Unused Serialized files (Serialized files now loaded: 0)
System memory in use before: 87.4 MB.
System memory in use after: 87.5 MB.

Unloading 5 unused Assets to reduce memory usage. Loaded Objects now: 1669.
Total: 1.989400 ms (FindLiveObjects: 0.223800 ms CreateObjectMapping: 0.037100 ms MarkObjects: 1.632400 ms  DeleteObjects: 0.095200 ms)

========================================================================
Received Import Request.
  Time since last request: 382.017019 seconds.
  path: Assets/Scripts/playerControler.cs
  artifactKey: Guid(f98288152b4b5cf41aa97af1926f3a9a) Importer(815301076,1909f56bfc062723c751e8b465ee728b)
Start importing Assets/Scripts/playerControler.cs using Guid(f98288152b4b5cf41aa97af1926f3a9a) Importer(815301076,1909f56bfc062723c751e8b465ee728b)  -> (artifact id: 'f55dcadac8109683f5b87a2b408b6328') in 0.004063 seconds
  Import took 0.025911 seconds .

========================================================================
Received Import Request.
  Time since last request: 1.286027 seconds.
  path: Assets/Scripts/playerControler.cs
  artifactKey: Guid(f98288152b4b5cf41aa97af1926f3a9a) Importer(815301076,1909f56bfc062723c751e8b465ee728b)
Start importing Assets/Scripts/playerControler.cs using Guid(f98288152b4b5cf41aa97af1926f3a9a) Importer(815301076,1909f56bfc062723c751e8b465ee728b)  -> (artifact id: 'f55dcadac8109683f5b87a2b408b6328') in 0.002044 seconds
  Import took 0.004042 seconds .

========================================================================
Received Prepare
Registering precompiled user dll's ...
Registered in 0.000914 seconds.
Begin MonoManager ReloadAssembly
Native extension for WindowsStandalone target not found
Refreshing native plugins compatible for Editor in 0.22 ms, found 0 plugins.
Preloading 0 native plugins for Editor in 0.00 ms.
Invoked RoslynAnalysisRunner static constructor.
RoslynAnalysisRunner will not be running.
RoslynAnalysisRunner has terminated.
Mono: successfully reloaded assembly
- Completed reload, in  0.730 seconds
Platform modules already initialized, skipping
Refreshing native plugins compatible for Editor in 0.22 ms, found 0 plugins.
Preloading 0 native plugins for Editor in 0.00 ms.
Unloading 1117 Unused Serialized files (Serialized files now loaded: 0)
System memory in use before: 87.4 MB.
System memory in use after: 87.5 MB.

Unloading 5 unused Assets to reduce memory usage. Loaded Objects now: 1672.
Total: 1.860300 ms (FindLiveObjects: 0.137100 ms CreateObjectMapping: 0.035100 ms MarkObjects: 1.587900 ms  DeleteObjects: 0.098900 ms)

========================================================================
Received Prepare
Registering precompiled user dll's ...
Registered in 0.000866 seconds.
Begin MonoManager ReloadAssembly
Native extension for WindowsStandalone target not found
Refreshing native plugins compatible for Editor in 0.22 ms, found 0 plugins.
Preloading 0 native plugins for Editor in 0.00 ms.
Invoked RoslynAnalysisRunner static constructor.
RoslynAnalysisRunner will not be running.
RoslynAnalysisRunner has terminated.
Mono: successfully reloaded assembly
- Completed reload, in  0.715 seconds
Platform modules already initialized, skipping
Refreshing native plugins compatible for Editor in 0.25 ms, found 0 plugins.
Preloading 0 native plugins for Editor in 0.00 ms.
Unloading 1117 Unused Serialized files (Serialized files now loaded: 0)
System memory in use before: 87.4 MB.
System memory in use after: 87.5 MB.

Unloading 5 unused Assets to reduce memory usage. Loaded Objects now: 1675.
Total: 1.715600 ms (FindLiveObjects: 0.163100 ms CreateObjectMapping: 0.036200 ms MarkObjects: 1.424900 ms  DeleteObjects: 0.090100 ms)

========================================================================
Received Prepare
Registering precompiled user dll's ...
Registered in 0.000993 seconds.
Begin MonoManager ReloadAssembly
Native extension for WindowsStandalone target not found
Refreshing native plugins compatible for Editor in 0.21 ms, found 0 plugins.
Preloading 0 native plugins for Editor in 0.00 ms.
Invoked RoslynAnalysisRunner static constructor.
RoslynAnalysisRunner will not be running.
RoslynAnalysisRunner has terminated.
Mono: successfully reloaded assembly
- Completed reload, in  0.702 seconds
Platform modules already initialized, skipping
Refreshing native plugins compatible for Editor in 0.22 ms, found 0 plugins.
Preloading 0 native plugins for Editor in 0.00 ms.
Unloading 1117 Unused Serialized files (Serialized files now loaded: 0)
System memory in use before: 87.4 MB.
System memory in use after: 87.5 MB.

Unloading 5 unused Assets to reduce memory usage. Loaded Objects now: 1678.
Total: 1.914000 ms (FindLiveObjects: 0.143000 ms CreateObjectMapping: 0.036500 ms MarkObjects: 1.630800 ms  DeleteObjects: 0.102500 ms)

========================================================================
Received Prepare
Registering precompiled user dll's ...
Registered in 0.000904 seconds.
Begin MonoManager ReloadAssembly
Native extension for WindowsStandalone target not found
Refreshing native plugins compatible for Editor in 0.22 ms, found 0 plugins.
Preloading 0 native plugins for Editor in 0.00 ms.
Invoked RoslynAnalysisRunner static constructor.
RoslynAnalysisRunner will not be running.
RoslynAnalysisRunner has terminated.
Mono: successfully reloaded assembly
- Completed reload, in  0.699 seconds
Platform modules already initialized, skipping
Refreshing native plugins compatible for Editor in 0.26 ms, found 0 plugins.
Preloading 0 native plugins for Editor in 0.00 ms.
Unloading 1117 Unused Serialized files (Serialized files now loaded: 0)
System memory in use before: 87.4 MB.
System memory in use after: 87.5 MB.

Unloading 5 unused Assets to reduce memory usage. Loaded Objects now: 1681.
Total: 1.687500 ms (FindLiveObjects: 0.200200 ms CreateObjectMapping: 0.075800 ms MarkObjects: 1.317200 ms  DeleteObjects: 0.092100 ms)

========================================================================
Received Import Request.
  Time since last request: 258.695182 seconds.
  path: Assets/Scripts/playerControler.cs
  artifactKey: Guid(f98288152b4b5cf41aa97af1926f3a9a) Importer(815301076,1909f56bfc062723c751e8b465ee728b)
Start importing Assets/Scripts/playerControler.cs using Guid(f98288152b4b5cf41aa97af1926f3a9a) Importer(815301076,1909f56bfc062723c751e8b465ee728b)  -> (artifact id: '975e1b73c8125ee4bc03bc728b1a089a') in 0.005578 seconds
  Import took 0.007490 seconds .

========================================================================
Received Prepare
Registering precompiled user dll's ...
Registered in 0.000989 seconds.
Begin MonoManager ReloadAssembly
Native extension for WindowsStandalone target not found
Refreshing native plugins compatible for Editor in 0.22 ms, found 0 plugins.
Preloading 0 native plugins for Editor in 0.00 ms.
Invoked RoslynAnalysisRunner static constructor.
RoslynAnalysisRunner will not be running.
RoslynAnalysisRunner has terminated.
Mono: successfully reloaded assembly
- Completed reload, in  0.764 seconds
Platform modules already initialized, skipping
Refreshing native plugins compatible for Editor in 0.22 ms, found 0 plugins.
Preloading 0 native plugins for Editor in 0.00 ms.
Unloading 1117 Unused Serialized files (Serialized files now loaded: 0)
System memory in use before: 87.4 MB.
System memory in use after: 87.5 MB.

Unloading 5 unused Assets to reduce memory usage. Loaded Objects now: 1684.
Total: 1.871600 ms (FindLiveObjects: 0.177900 ms CreateObjectMapping: 0.040600 ms MarkObjects: 1.554800 ms  DeleteObjects: 0.096700 ms)

========================================================================
Received Import Request.
  Time since last request: 14.036309 seconds.
  path: Assets/Scripts/playerControler.cs
  artifactKey: Guid(f98288152b4b5cf41aa97af1926f3a9a) Importer(815301076,1909f56bfc062723c751e8b465ee728b)
Start importing Assets/Scripts/playerControler.cs using Guid(f98288152b4b5cf41aa97af1926f3a9a) Importer(815301076,1909f56bfc062723c751e8b465ee728b)  -> (artifact id: 'cb3d4e1949509f89a5f5a660342386e2') in 0.004754 seconds
  Import took 0.006746 seconds .

========================================================================
Received Prepare
Registering precompiled user dll's ...
Registered in 0.000879 seconds.
Begin MonoManager ReloadAssembly
Native extension for WindowsStandalone target not found
Refreshing native plugins compatible for Editor in 0.24 ms, found 0 plugins.
Preloading 0 native plugins for Editor in 0.00 ms.
Invoked RoslynAnalysisRunner static constructor.
RoslynAnalysisRunner will not be running.
RoslynAnalysisRunner has terminated.
Mono: successfully reloaded assembly
- Completed reload, in  0.934 seconds
Platform modules already initialized, skipping
Refreshing native plugins compatible for Editor in 0.27 ms, found 0 plugins.
Preloading 0 native plugins for Editor in 0.00 ms.
Unloading 1117 Unused Serialized files (Serialized files now loaded: 0)
System memory in use before: 87.4 MB.
System memory in use after: 87.5 MB.

Unloading 5 unused Assets to reduce memory usage. Loaded Objects now: 1687.
Total: 4.550700 ms (FindLiveObjects: 1.219600 ms CreateObjectMapping: 0.501400 ms MarkObjects: 2.646100 ms  DeleteObjects: 0.180700 ms)

========================================================================
Received Prepare
Registering precompiled user dll's ...
Registered in 0.001284 seconds.
Begin MonoManager ReloadAssembly
Native extension for WindowsStandalone target not found
Refreshing native plugins compatible for Editor in 0.33 ms, found 0 plugins.
Preloading 0 native plugins for Editor in 0.00 ms.
Invoked RoslynAnalysisRunner static constructor.
RoslynAnalysisRunner will not be running.
RoslynAnalysisRunner has terminated.
Mono: successfully reloaded assembly
- Completed reload, in  0.883 seconds
Platform modules already initialized, skipping
Refreshing native plugins compatible for Editor in 0.22 ms, found 0 plugins.
Preloading 0 native plugins for Editor in 0.00 ms.
Unloading 1117 Unused Serialized files (Serialized files now loaded: 0)
System memory in use before: 87.4 MB.
System memory in use after: 87.5 MB.

Unloading 5 unused Assets to reduce memory usage. Loaded Objects now: 1690.
Total: 3.655400 ms (FindLiveObjects: 0.351000 ms CreateObjectMapping: 0.096700 ms MarkObjects: 3.003000 ms  DeleteObjects: 0.201400 ms)

========================================================================
Received Prepare
Registering precompiled user dll's ...
Registered in 0.000829 seconds.
Begin MonoManager ReloadAssembly
Native extension for WindowsStandalone target not found
Refreshing native plugins compatible for Editor in 0.22 ms, found 0 plugins.
Preloading 0 native plugins for Editor in 0.00 ms.
Invoked RoslynAnalysisRunner static constructor.
RoslynAnalysisRunner will not be running.
RoslynAnalysisRunner has terminated.
Mono: successfully reloaded assembly
- Completed reload, in  0.702 seconds
Platform modules already initialized, skipping
Refreshing native plugins compatible for Editor in 0.22 ms, found 0 plugins.
Preloading 0 native plugins for Editor in 0.00 ms.
Unloading 1117 Unused Serialized files (Serialized files now loaded: 0)
System memory in use before: 87.4 MB.
System memory in use after: 87.5 MB.

Unloading 5 unused Assets to reduce memory usage. Loaded Objects now: 1693.
Total: 2.026900 ms (FindLiveObjects: 0.225200 ms CreateObjectMapping: 0.059000 ms MarkObjects: 1.645800 ms  DeleteObjects: 0.095600 ms)

========================================================================
Received Prepare
Registering precompiled user dll's ...
Registered in 0.000807 seconds.
Begin MonoManager ReloadAssembly
Native extension for WindowsStandalone target not found
Refreshing native plugins compatible for Editor in 0.22 ms, found 0 plugins.
Preloading 0 native plugins for Editor in 0.00 ms.
Invoked RoslynAnalysisRunner static constructor.
RoslynAnalysisRunner will not be running.
RoslynAnalysisRunner has terminated.
Mono: successfully reloaded assembly
- Completed reload, in  0.815 seconds
Platform modules already initialized, skipping
Refreshing native plugins compatible for Editor in 0.22 ms, found 0 plugins.
Preloading 0 native plugins for Editor in 0.00 ms.
Unloading 1117 Unused Serialized files (Serialized files now loaded: 0)
System memory in use before: 87.4 MB.
System memory in use after: 87.5 MB.

Unloading 5 unused Assets to reduce memory usage. Loaded Objects now: 1696.
Total: 2.224800 ms (FindLiveObjects: 0.290400 ms CreateObjectMapping: 0.095900 ms MarkObjects: 1.728400 ms  DeleteObjects: 0.108500 ms)

========================================================================
Received Prepare
Registering precompiled user dll's ...
Registered in 0.000909 seconds.
Begin MonoManager ReloadAssembly
Native extension for WindowsStandalone target not found
Refreshing native plugins compatible for Editor in 0.23 ms, found 0 plugins.
Preloading 0 native plugins for Editor in 0.00 ms.
Invoked RoslynAnalysisRunner static constructor.
RoslynAnalysisRunner will not be running.
RoslynAnalysisRunner has terminated.
Mono: successfully reloaded assembly
- Completed reload, in  0.721 seconds
Platform modules already initialized, skipping
Refreshing native plugins compatible for Editor in 0.22 ms, found 0 plugins.
Preloading 0 native plugins for Editor in 0.00 ms.
Unloading 1117 Unused Serialized files (Serialized files now loaded: 0)
System memory in use before: 87.5 MB.
System memory in use after: 87.5 MB.

Unloading 5 unused Assets to reduce memory usage. Loaded Objects now: 1699.
Total: 1.700100 ms (FindLiveObjects: 0.190500 ms CreateObjectMapping: 0.052500 ms MarkObjects: 1.363600 ms  DeleteObjects: 0.091900 ms)

========================================================================
Received Prepare
Registering precompiled user dll's ...
Registered in 0.001860 seconds.
Begin MonoManager ReloadAssembly
Native extension for WindowsStandalone target not found
Refreshing native plugins compatible for Editor in 0.24 ms, found 0 plugins.
Preloading 0 native plugins for Editor in 0.00 ms.
Invoked RoslynAnalysisRunner static constructor.
RoslynAnalysisRunner will not be running.
RoslynAnalysisRunner has terminated.
Mono: successfully reloaded assembly
- Completed reload, in  0.887 seconds
Platform modules already initialized, skipping
Refreshing native plugins compatible for Editor in 0.29 ms, found 0 plugins.
Preloading 0 native plugins for Editor in 0.00 ms.
Unloading 1117 Unused Serialized files (Serialized files now loaded: 0)
System memory in use before: 87.5 MB.
System memory in use after: 87.5 MB.

Unloading 5 unused Assets to reduce memory usage. Loaded Objects now: 1702.
Total: 2.586900 ms (FindLiveObjects: 0.244900 ms CreateObjectMapping: 0.053300 ms MarkObjects: 2.149500 ms  DeleteObjects: 0.135200 ms)

========================================================================
Received Prepare
Registering precompiled user dll's ...
Registered in 0.012063 seconds.
Begin MonoManager ReloadAssembly
Native extension for WindowsStandalone target not found
Refreshing native plugins compatible for Editor in 0.23 ms, found 0 plugins.
Preloading 0 native plugins for Editor in 0.00 ms.
Invoked RoslynAnalysisRunner static constructor.
RoslynAnalysisRunner will not be running.
RoslynAnalysisRunner has terminated.
Mono: successfully reloaded assembly
- Completed reload, in  1.304 seconds
Platform modules already initialized, skipping
Refreshing native plugins compatible for Editor in 0.21 ms, found 0 plugins.
Preloading 0 native plugins for Editor in 0.00 ms.
Unloading 1117 Unused Serialized files (Serialized files now loaded: 0)
System memory in use before: 87.5 MB.
System memory in use after: 87.5 MB.

Unloading 5 unused Assets to reduce memory usage. Loaded Objects now: 1705.
Total: 1.809700 ms (FindLiveObjects: 0.154100 ms CreateObjectMapping: 0.037900 ms MarkObjects: 1.521300 ms  DeleteObjects: 0.095100 ms)

========================================================================
Received Prepare
Registering precompiled user dll's ...
Registered in 0.013581 seconds.
Begin MonoManager ReloadAssembly
Native extension for WindowsStandalone target not found
Refreshing native plugins compatible for Editor in 0.24 ms, found 0 plugins.
Preloading 0 native plugins for Editor in 0.00 ms.
Invoked RoslynAnalysisRunner static constructor.
RoslynAnalysisRunner will not be running.
RoslynAnalysisRunner has terminated.
Mono: successfully reloaded assembly
- Completed reload, in  1.272 seconds
Platform modules already initialized, skipping
Refreshing native plugins compatible for Editor in 0.25 ms, found 0 plugins.
Preloading 0 native plugins for Editor in 0.00 ms.
Unloading 1117 Unused Serialized files (Serialized files now loaded: 0)
System memory in use before: 87.5 MB.
System memory in use after: 87.5 MB.

Unloading 5 unused Assets to reduce memory usage. Loaded Objects now: 1708.
Total: 2.489300 ms (FindLiveObjects: 0.151300 ms CreateObjectMapping: 0.035400 ms MarkObjects: 2.184100 ms  DeleteObjects: 0.116900 ms)

========================================================================
Received Prepare
Registering precompiled user dll's ...
Registered in 0.002217 seconds.
Begin MonoManager ReloadAssembly
Native extension for WindowsStandalone target not found
Refreshing native plugins compatible for Editor in 0.26 ms, found 0 plugins.
Preloading 0 native plugins for Editor in 0.00 ms.
Invoked RoslynAnalysisRunner static constructor.
RoslynAnalysisRunner will not be running.
RoslynAnalysisRunner has terminated.
Mono: successfully reloaded assembly
- Completed reload, in  0.985 seconds
Platform modules already initialized, skipping
Refreshing native plugins compatible for Editor in 0.30 ms, found 0 plugins.
Preloading 0 native plugins for Editor in 0.00 ms.
Unloading 1117 Unused Serialized files (Serialized files now loaded: 0)
System memory in use before: 87.5 MB.
System memory in use after: 87.6 MB.

Unloading 5 unused Assets to reduce memory usage. Loaded Objects now: 1711.
Total: 2.123900 ms (FindLiveObjects: 0.173300 ms CreateObjectMapping: 0.032200 ms MarkObjects: 1.703600 ms  DeleteObjects: 0.213600 ms)

========================================================================
Received Prepare
Registering precompiled user dll's ...
Registered in 0.000837 seconds.
Begin MonoManager ReloadAssembly
Native extension for WindowsStandalone target not found
Refreshing native plugins compatible for Editor in 0.22 ms, found 0 plugins.
Preloading 0 native plugins for Editor in 0.00 ms.
Invoked RoslynAnalysisRunner static constructor.
RoslynAnalysisRunner will not be running.
RoslynAnalysisRunner has terminated.
Mono: successfully reloaded assembly
- Completed reload, in  0.714 seconds
Platform modules already initialized, skipping
Refreshing native plugins compatible for Editor in 0.22 ms, found 0 plugins.
Preloading 0 native plugins for Editor in 0.00 ms.
Unloading 1117 Unused Serialized files (Serialized files now loaded: 0)
System memory in use before: 87.5 MB.
System memory in use after: 87.6 MB.

Unloading 5 unused Assets to reduce memory usage. Loaded Objects now: 1714.
Total: 1.983500 ms (FindLiveObjects: 0.227700 ms CreateObjectMapping: 0.052900 ms MarkObjects: 1.599700 ms  DeleteObjects: 0.101200 ms)

========================================================================
Received Import Request.
  Time since last request: 9248.625482 seconds.
  path: Assets/_TerrainAutoUpgrade/layer_textura023d3aba195e4d26ee.terrainlayer
  artifactKey: Guid(e0e5ccae9aff27a4caabcfa9e7b30292) Importer(815301076,1909f56bfc062723c751e8b465ee728b)
Start importing Assets/_TerrainAutoUpgrade/layer_textura023d3aba195e4d26ee.terrainlayer using Guid(e0e5ccae9aff27a4caabcfa9e7b30292) Importer(815301076,1909f56bfc062723c751e8b465ee728b)  -> (artifact id: '7623fbd6dde8d215c5b7a5471c39a0af') in 0.174025 seconds
  Import took 0.423404 seconds .

========================================================================
Received Import Request.
  Time since last request: 0.002781 seconds.
  path: Assets/_TerrainAutoUpgrade/layer_textura153d3aba195e4d26ee.terrainlayer
  artifactKey: Guid(b4852ef3b0411c34f874039bb3a66647) Importer(815301076,1909f56bfc062723c751e8b465ee728b)
Start importing Assets/_TerrainAutoUpgrade/layer_textura153d3aba195e4d26ee.terrainlayer using Guid(b4852ef3b0411c34f874039bb3a66647) Importer(815301076,1909f56bfc062723c751e8b465ee728b)  -> (artifact id: '4bff7719be3d44dc5d9d54734c26a4d8') in 0.055780 seconds
  Import took 0.162876 seconds .

========================================================================
Received Prepare
Registering precompiled user dll's ...
Registered in 0.000836 seconds.
Begin MonoManager ReloadAssembly
Native extension for WindowsStandalone target not found
Refreshing native plugins compatible for Editor in 0.23 ms, found 0 plugins.
Preloading 0 native plugins for Editor in 0.00 ms.
Invoked RoslynAnalysisRunner static constructor.
RoslynAnalysisRunner will not be running.
RoslynAnalysisRunner has terminated.
Mono: successfully reloaded assembly
- Completed reload, in  0.784 seconds
Platform modules already initialized, skipping
Refreshing native plugins compatible for Editor in 0.22 ms, found 0 plugins.
Preloading 0 native plugins for Editor in 0.00 ms.
Unloading 1117 Unused Serialized files (Serialized files now loaded: 0)
System memory in use before: 87.5 MB.
System memory in use after: 87.6 MB.

Unloading 5 unused Assets to reduce memory usage. Loaded Objects now: 1719.
Total: 1.927000 ms (FindLiveObjects: 0.147400 ms CreateObjectMapping: 0.046300 ms MarkObjects: 1.636400 ms  DeleteObjects: 0.095600 ms)

========================================================================
Received Import Request.
  Time since last request: 16.950005 seconds.
  path: Assets/Scripts/playerControler.cs
  artifactKey: Guid(f98288152b4b5cf41aa97af1926f3a9a) Importer(815301076,1909f56bfc062723c751e8b465ee728b)
Start importing Assets/Scripts/playerControler.cs using Guid(f98288152b4b5cf41aa97af1926f3a9a) Importer(815301076,1909f56bfc062723c751e8b465ee728b)  -> (artifact id: 'e56552bc807b5bf97fc11b9ecb89d32b') in 0.007205 seconds
  Import took 0.065886 seconds .

========================================================================
Received Prepare
Registering precompiled user dll's ...
Registered in 0.000824 seconds.
Begin MonoManager ReloadAssembly
Native extension for WindowsStandalone target not found
Refreshing native plugins compatible for Editor in 0.21 ms, found 0 plugins.
Preloading 0 native plugins for Editor in 0.00 ms.
Invoked RoslynAnalysisRunner static constructor.
RoslynAnalysisRunner will not be running.
RoslynAnalysisRunner has terminated.
Mono: successfully reloaded assembly
- Completed reload, in  0.814 seconds
Platform modules already initialized, skipping
Refreshing native plugins compatible for Editor in 0.24 ms, found 0 plugins.
Preloading 0 native plugins for Editor in 0.00 ms.
Unloading 1117 Unused Serialized files (Serialized files now loaded: 0)
System memory in use before: 87.5 MB.
System memory in use after: 87.6 MB.

Unloading 5 unused Assets to reduce memory usage. Loaded Objects now: 1722.
Total: 2.015700 ms (FindLiveObjects: 0.162700 ms CreateObjectMapping: 0.032600 ms MarkObjects: 1.718000 ms  DeleteObjects: 0.101400 ms)

========================================================================
Received Prepare
Registering precompiled user dll's ...
Registered in 0.000899 seconds.
Begin MonoManager ReloadAssembly
Native extension for WindowsStandalone target not found
Refreshing native plugins compatible for Editor in 0.22 ms, found 0 plugins.
Preloading 0 native plugins for Editor in 0.00 ms.
Invoked RoslynAnalysisRunner static constructor.
RoslynAnalysisRunner will not be running.
RoslynAnalysisRunner has terminated.
Mono: successfully reloaded assembly
- Completed reload, in  0.736 seconds
Platform modules already initialized, skipping
Refreshing native plugins compatible for Editor in 0.22 ms, found 0 plugins.
Preloading 0 native plugins for Editor in 0.00 ms.
Unloading 1117 Unused Serialized files (Serialized files now loaded: 0)
System memory in use before: 87.5 MB.
System memory in use after: 87.6 MB.

Unloading 5 unused Assets to reduce memory usage. Loaded Objects now: 1725.
Total: 1.763900 ms (FindLiveObjects: 0.162600 ms CreateObjectMapping: 0.033700 ms MarkObjects: 1.470000 ms  DeleteObjects: 0.095900 ms)

========================================================================
Received Prepare
Registering precompiled user dll's ...
Registered in 0.001028 seconds.
Begin MonoManager ReloadAssembly
Native extension for WindowsStandalone target not found
Refreshing native plugins compatible for Editor in 0.22 ms, found 0 plugins.
Preloading 0 native plugins for Editor in 0.00 ms.
Invoked RoslynAnalysisRunner static constructor.
RoslynAnalysisRunner will not be running.
RoslynAnalysisRunner has terminated.
Mono: successfully reloaded assembly
- Completed reload, in  0.751 seconds
Platform modules already initialized, skipping
Refreshing native plugins compatible for Editor in 0.22 ms, found 0 plugins.
Preloading 0 native plugins for Editor in 0.00 ms.
Unloading 1117 Unused Serialized files (Serialized files now loaded: 0)
System memory in use before: 87.5 MB.
System memory in use after: 87.6 MB.

Unloading 5 unused Assets to reduce memory usage. Loaded Objects now: 1728.
Total: 2.017200 ms (FindLiveObjects: 0.394300 ms CreateObjectMapping: 0.087300 ms MarkObjects: 1.430800 ms  DeleteObjects: 0.102800 ms)

========================================================================
Received Import Request.
  Time since last request: 2217.229610 seconds.
  path: Assets/Scripts/playerControler.cs
  artifactKey: Guid(f98288152b4b5cf41aa97af1926f3a9a) Importer(815301076,1909f56bfc062723c751e8b465ee728b)
Start importing Assets/Scripts/playerControler.cs using Guid(f98288152b4b5cf41aa97af1926f3a9a) Importer(815301076,1909f56bfc062723c751e8b465ee728b)  -> (artifact id: '48e5bb22f7b19a5bd0c5b203da65184a') in 0.004041 seconds
  Import took 0.046308 seconds .

========================================================================
Received Prepare
Registering precompiled user dll's ...
Registered in 0.001200 seconds.
Begin MonoManager ReloadAssembly
Native extension for WindowsStandalone target not found
Refreshing native plugins compatible for Editor in 0.22 ms, found 0 plugins.
Preloading 0 native plugins for Editor in 0.00 ms.
Invoked RoslynAnalysisRunner static constructor.
RoslynAnalysisRunner will not be running.
RoslynAnalysisRunner has terminated.
Mono: successfully reloaded assembly
- Completed reload, in  0.743 seconds
Platform modules already initialized, skipping
Refreshing native plugins compatible for Editor in 0.22 ms, found 0 plugins.
Preloading 0 native plugins for Editor in 0.00 ms.
Unloading 1117 Unused Serialized files (Serialized files now loaded: 0)
System memory in use before: 87.5 MB.
System memory in use after: 87.6 MB.

Unloading 5 unused Assets to reduce memory usage. Loaded Objects now: 1731.
Total: 1.872300 ms (FindLiveObjects: 0.186400 ms CreateObjectMapping: 0.062800 ms MarkObjects: 1.525800 ms  DeleteObjects: 0.095500 ms)

========================================================================
Received Import Request.
  Time since last request: 111.764319 seconds.
  path: Assets/Scripts/playerControler.cs
  artifactKey: Guid(f98288152b4b5cf41aa97af1926f3a9a) Importer(815301076,1909f56bfc062723c751e8b465ee728b)
Start importing Assets/Scripts/playerControler.cs using Guid(f98288152b4b5cf41aa97af1926f3a9a) Importer(815301076,1909f56bfc062723c751e8b465ee728b)  -> (artifact id: '6e06e727c6a57ef3286255dfd89bfc6f') in 0.003894 seconds
  Import took 0.134835 seconds .

========================================================================
Received Prepare
Registering precompiled user dll's ...
Registered in 0.000827 seconds.
Begin MonoManager ReloadAssembly
Native extension for WindowsStandalone target not found
Refreshing native plugins compatible for Editor in 0.22 ms, found 0 plugins.
Preloading 0 native plugins for Editor in 0.00 ms.
Invoked RoslynAnalysisRunner static constructor.
RoslynAnalysisRunner will not be running.
RoslynAnalysisRunner has terminated.
Mono: successfully reloaded assembly
- Completed reload, in  0.731 seconds
Platform modules already initialized, skipping
Refreshing native plugins compatible for Editor in 0.23 ms, found 0 plugins.
Preloading 0 native plugins for Editor in 0.00 ms.
Unloading 1117 Unused Serialized files (Serialized files now loaded: 0)
System memory in use before: 87.5 MB.
System memory in use after: 87.6 MB.

Unloading 5 unused Assets to reduce memory usage. Loaded Objects now: 1734.
Total: 1.911000 ms (FindLiveObjects: 0.173200 ms CreateObjectMapping: 0.042900 ms MarkObjects: 1.593400 ms  DeleteObjects: 0.099500 ms)

========================================================================
Received Import Request.
  Time since last request: 353.488810 seconds.
  path: Assets/UltraMare/Editor/Flags/recursos/[Flags Manager].prefab
  artifactKey: Guid(6df564ec1b906784891e3bb1627e88fd) Importer(815301076,1909f56bfc062723c751e8b465ee728b)
Start importing Assets/UltraMare/Editor/Flags/recursos/[Flags Manager].prefab using Guid(6df564ec1b906784891e3bb1627e88fd) Importer(815301076,1909f56bfc062723c751e8b465ee728b)  -> (artifact id: '0b277038a895413a133bb232248f6e65') in 6.352849 seconds
  Import took 6.456540 seconds .

========================================================================
Received Import Request.
  Time since last request: 0.000395 seconds.
  path: Assets/UltraMare/The Best Flag and Banner System/MyFlags/MyFlag.prefab
  artifactKey: Guid(814e3175fc48c8c408be453a0767f73c) Importer(815301076,1909f56bfc062723c751e8b465ee728b)
Start importing Assets/UltraMare/The Best Flag and Banner System/MyFlags/MyFlag.prefab using Guid(814e3175fc48c8c408be453a0767f73c) Importer(815301076,1909f56bfc062723c751e8b465ee728b)  -> (artifact id: 'ff1296581bbb94e315b288a7dae7a538') in 0.011202 seconds
  Import took 0.073336 seconds .

========================================================================
Received Import Request.
  Time since last request: 0.000338 seconds.
  path: Assets/UltraMare/Editor/Flags/recursos/[SceneManager].prefab
  artifactKey: Guid(34d61def9e5da024a8ba4b8cb51c5ad2) Importer(815301076,1909f56bfc062723c751e8b465ee728b)
Start importing Assets/UltraMare/Editor/Flags/recursos/[SceneManager].prefab using Guid(34d61def9e5da024a8ba4b8cb51c5ad2) Importer(815301076,1909f56bfc062723c751e8b465ee728b)  -> (artifact id: '1afd2b3e817f0fdd1042082099274c62') in 0.078891 seconds
  Import took 0.202069 seconds .

========================================================================
Received Import Request.
  Time since last request: 0.000353 seconds.
  path: Assets/UltraMare/The Best Flag and Banner System/Scenes/Examples/Canvas.prefab
  artifactKey: Guid(ba8666d7d3873e64ebc440fe0aa8d9d0) Importer(815301076,1909f56bfc062723c751e8b465ee728b)
Start importing Assets/UltraMare/The Best Flag and Banner System/Scenes/Examples/Canvas.prefab using Guid(ba8666d7d3873e64ebc440fe0aa8d9d0) Importer(815301076,1909f56bfc062723c751e8b465ee728b)  -> (artifact id: '51aebed7f5f79ec41d551edc63f28551') in 0.008879 seconds
  Import took 0.104713 seconds .

========================================================================
Received Import Request.
  Time since last request: 0.000326 seconds.
  path: Assets/UltraMare/Editor/Flags/recursos/Canvas.prefab
  artifactKey: Guid(c75ae48446800a6468c3135ad45dad0c) Importer(815301076,1909f56bfc062723c751e8b465ee728b)
Start importing Assets/UltraMare/Editor/Flags/recursos/Canvas.prefab using Guid(c75ae48446800a6468c3135ad45dad0c) Importer(815301076,1909f56bfc062723c751e8b465ee728b)  -> (artifact id: '0705196334da2a89f8a458e522675a4e') in 0.008148 seconds
  Import took 0.111632 seconds .

========================================================================
Received Import Request.
  Time since last request: 0.000828 seconds.
  path: Assets/UltraMare/Editor/Flags/recursos/[Scene Manager].prefab
  artifactKey: Guid(da0d42656f5f76348a4fae862f9b9498) Importer(815301076,1909f56bfc062723c751e8b465ee728b)
Start importing Assets/UltraMare/Editor/Flags/recursos/[Scene Manager].prefab using Guid(da0d42656f5f76348a4fae862f9b9498) Importer(815301076,1909f56bfc062723c751e8b465ee728b)  -> (artifact id: 'a922d4e020aa11a9dd9b989bc978f272') in 0.087399 seconds
  Import took 0.211215 seconds .

========================================================================
Received Import Request.
  Time since last request: 0.000837 seconds.
  path: Assets/UltraMare/The Best Flag and Banner System/MyFlags/FlagVertical03.prefab
  artifactKey: Guid(3c2a55c5b0a3d9a499cdef9cc7740f72) Importer(815301076,1909f56bfc062723c751e8b465ee728b)
Start importing Assets/UltraMare/The Best Flag and Banner System/MyFlags/FlagVertical03.prefab using Guid(3c2a55c5b0a3d9a499cdef9cc7740f72) Importer(815301076,1909f56bfc062723c751e8b465ee728b)  -> (artifact id: '4f7b38c5a28560043e9d724ecc6f5817') in 0.011158 seconds
  Import took 0.065936 seconds .

========================================================================
Received Import Request.
  Time since last request: 7.306467 seconds.
  path: Assets/New Material.mat
  artifactKey: Guid(51c1e9fd80817ac4a9f45ad86800c1ed) Importer(815301076,1909f56bfc062723c751e8b465ee728b)
Start importing Assets/New Material.mat using Guid(51c1e9fd80817ac4a9f45ad86800c1ed) Importer(815301076,1909f56bfc062723c751e8b465ee728b)  -> (artifact id: '3db086dae010699c26349ba2d0b55b0e') in 0.042963 seconds
  Import took 0.101399 seconds .

========================================================================
Received Prepare
Registering precompiled user dll's ...
Registered in 0.000848 seconds.
Begin MonoManager ReloadAssembly
Native extension for WindowsStandalone target not found
Refreshing native plugins compatible for Editor in 0.23 ms, found 0 plugins.
Preloading 0 native plugins for Editor in 0.00 ms.
Invoked RoslynAnalysisRunner static constructor.
RoslynAnalysisRunner will not be running.
RoslynAnalysisRunner has terminated.
Mono: successfully reloaded assembly
- Completed reload, in  0.718 seconds
Platform modules already initialized, skipping
Refreshing native plugins compatible for Editor in 0.22 ms, found 0 plugins.
Preloading 0 native plugins for Editor in 0.00 ms.
Unloading 1117 Unused Serialized files (Serialized files now loaded: 0)
System memory in use before: 88.0 MB.
System memory in use after: 88.1 MB.

Unloading 9 unused Assets to reduce memory usage. Loaded Objects now: 1740.
Total: 1.891800 ms (FindLiveObjects: 0.205200 ms CreateObjectMapping: 0.039000 ms MarkObjects: 1.539100 ms  DeleteObjects: 0.107100 ms)

========================================================================
Received Prepare
Registering precompiled user dll's ...
Registered in 0.001354 seconds.
Begin MonoManager ReloadAssembly
Native extension for WindowsStandalone target not found
Refreshing native plugins compatible for Editor in 0.61 ms, found 0 plugins.
Preloading 0 native plugins for Editor in 0.00 ms.
Invoked RoslynAnalysisRunner static constructor.
RoslynAnalysisRunner will not be running.
RoslynAnalysisRunner has terminated.
Mono: successfully reloaded assembly
- Completed reload, in  1.140 seconds
Platform modules already initialized, skipping
Refreshing native plugins compatible for Editor in 0.37 ms, found 0 plugins.
Preloading 0 native plugins for Editor in 0.00 ms.
Unloading 1117 Unused Serialized files (Serialized files now loaded: 0)
System memory in use before: 88.0 MB.
System memory in use after: 88.1 MB.

Unloading 5 unused Assets to reduce memory usage. Loaded Objects now: 1743.
Total: 2.715400 ms (FindLiveObjects: 0.319300 ms CreateObjectMapping: 0.096700 ms MarkObjects: 2.181500 ms  DeleteObjects: 0.112800 ms)

========================================================================
Received Prepare
Registering precompiled user dll's ...
Registered in 0.001357 seconds.
Begin MonoManager ReloadAssembly
Native extension for WindowsStandalone target not found
Refreshing native plugins compatible for Editor in 0.22 ms, found 0 plugins.
Preloading 0 native plugins for Editor in 0.00 ms.
Invoked RoslynAnalysisRunner static constructor.
RoslynAnalysisRunner will not be running.
RoslynAnalysisRunner has terminated.
Mono: successfully reloaded assembly
- Completed reload, in  0.786 seconds
Platform modules already initialized, skipping
Refreshing native plugins compatible for Editor in 0.51 ms, found 0 plugins.
Preloading 0 native plugins for Editor in 0.00 ms.
Unloading 1117 Unused Serialized files (Serialized files now loaded: 0)
System memory in use before: 88.0 MB.
System memory in use after: 88.1 MB.

Unloading 5 unused Assets to reduce memory usage. Loaded Objects now: 1746.
Total: 1.826700 ms (FindLiveObjects: 0.158400 ms CreateObjectMapping: 0.039000 ms MarkObjects: 1.529800 ms  DeleteObjects: 0.098300 ms)

========================================================================
Received Prepare
Registering precompiled user dll's ...
Registered in 0.001228 seconds.
Begin MonoManager ReloadAssembly
Native extension for WindowsStandalone target not found
Refreshing native plugins compatible for Editor in 0.23 ms, found 0 plugins.
Preloading 0 native plugins for Editor in 0.00 ms.
Invoked RoslynAnalysisRunner static constructor.
RoslynAnalysisRunner will not be running.
RoslynAnalysisRunner has terminated.
Mono: successfully reloaded assembly
- Completed reload, in  0.753 seconds
Platform modules already initialized, skipping
Refreshing native plugins compatible for Editor in 0.23 ms, found 0 plugins.
Preloading 0 native plugins for Editor in 0.00 ms.
Unloading 1117 Unused Serialized files (Serialized files now loaded: 0)
System memory in use before: 88.0 MB.
System memory in use after: 88.1 MB.

Unloading 5 unused Assets to reduce memory usage. Loaded Objects now: 1749.
Total: 1.876700 ms (FindLiveObjects: 0.167500 ms CreateObjectMapping: 0.038500 ms MarkObjects: 1.557900 ms  DeleteObjects: 0.111400 ms)

========================================================================
Received Prepare
Registering precompiled user dll's ...
Registered in 0.001118 seconds.
Begin MonoManager ReloadAssembly
Native extension for WindowsStandalone target not found
Refreshing native plugins compatible for Editor in 0.23 ms, found 0 plugins.
Preloading 0 native plugins for Editor in 0.00 ms.
Invoked RoslynAnalysisRunner static constructor.
RoslynAnalysisRunner will not be running.
RoslynAnalysisRunner has terminated.
Mono: successfully reloaded assembly
- Completed reload, in  0.917 seconds
Platform modules already initialized, skipping
Refreshing native plugins compatible for Editor in 0.25 ms, found 0 plugins.
Preloading 0 native plugins for Editor in 0.00 ms.
Unloading 1117 Unused Serialized files (Serialized files now loaded: 0)
System memory in use before: 88.0 MB.
System memory in use after: 88.1 MB.

Unloading 5 unused Assets to reduce memory usage. Loaded Objects now: 1752.
Total: 3.053800 ms (FindLiveObjects: 0.463300 ms CreateObjectMapping: 0.226400 ms MarkObjects: 2.218700 ms  DeleteObjects: 0.143100 ms)

========================================================================
Received Import Request.
  Time since last request: 2924.647148 seconds.
  path: Assets/Scripts/BotTimePrincipal.cs
  artifactKey: Guid(b4b1424f21d0c4145bd71c066c1bd2e9) Importer(815301076,1909f56bfc062723c751e8b465ee728b)
Start importing Assets/Scripts/BotTimePrincipal.cs using Guid(b4b1424f21d0c4145bd71c066c1bd2e9) Importer(815301076,1909f56bfc062723c751e8b465ee728b)  -> (artifact id: 'de395f0ca6deb0f7a1c46d24bbc8dc4a') in 0.005538 seconds
  Import took 0.092396 seconds .

========================================================================
Received Prepare
Registering precompiled user dll's ...
Registered in 0.000786 seconds.
Begin MonoManager ReloadAssembly
Native extension for WindowsStandalone target not found
Refreshing native plugins compatible for Editor in 0.22 ms, found 0 plugins.
Preloading 0 native plugins for Editor in 0.00 ms.
Invoked RoslynAnalysisRunner static constructor.
RoslynAnalysisRunner will not be running.
RoslynAnalysisRunner has terminated.
Mono: successfully reloaded assembly
- Completed reload, in  0.737 seconds
Platform modules already initialized, skipping
Refreshing native plugins compatible for Editor in 0.22 ms, found 0 plugins.
Preloading 0 native plugins for Editor in 0.00 ms.
Unloading 1118 Unused Serialized files (Serialized files now loaded: 0)
System memory in use before: 88.0 MB.
System memory in use after: 88.1 MB.

Unloading 5 unused Assets to reduce memory usage. Loaded Objects now: 1756.
Total: 1.866700 ms (FindLiveObjects: 0.169700 ms CreateObjectMapping: 0.043300 ms MarkObjects: 1.551800 ms  DeleteObjects: 0.100800 ms)

========================================================================
Received Import Request.
  Time since last request: 11.037816 seconds.
  path: Assets/Scripts/BotTimeBot.cs
  artifactKey: Guid(d2928eee786c0ed488596d8a58c7027c) Importer(815301076,1909f56bfc062723c751e8b465ee728b)
Start importing Assets/Scripts/BotTimeBot.cs using Guid(d2928eee786c0ed488596d8a58c7027c) Importer(815301076,1909f56bfc062723c751e8b465ee728b)  -> (artifact id: '108ea82edf72084fc20fac022320beac') in 0.005906 seconds
  Import took 0.118042 seconds .

========================================================================
Received Prepare
Registering precompiled user dll's ...
Registered in 0.000786 seconds.
Begin MonoManager ReloadAssembly
Native extension for WindowsStandalone target not found
Refreshing native plugins compatible for Editor in 0.23 ms, found 0 plugins.
Preloading 0 native plugins for Editor in 0.00 ms.
Invoked RoslynAnalysisRunner static constructor.
RoslynAnalysisRunner will not be running.
RoslynAnalysisRunner has terminated.
Mono: successfully reloaded assembly
- Completed reload, in  0.895 seconds
Platform modules already initialized, skipping
Refreshing native plugins compatible for Editor in 0.21 ms, found 0 plugins.
Preloading 0 native plugins for Editor in 0.00 ms.
Unloading 1118 Unused Serialized files (Serialized files now loaded: 0)
System memory in use before: 88.0 MB.
System memory in use after: 88.1 MB.

Unloading 5 unused Assets to reduce memory usage. Loaded Objects now: 1759.
Total: 1.800600 ms (FindLiveObjects: 0.146300 ms CreateObjectMapping: 0.037000 ms MarkObjects: 1.523800 ms  DeleteObjects: 0.091900 ms)

========================================================================
Received Prepare
Registering precompiled user dll's ...
Registered in 0.000815 seconds.
Begin MonoManager ReloadAssembly
Native extension for WindowsStandalone target not found
Refreshing native plugins compatible for Editor in 0.56 ms, found 0 plugins.
Preloading 0 native plugins for Editor in 0.00 ms.
Invoked RoslynAnalysisRunner static constructor.
RoslynAnalysisRunner will not be running.
RoslynAnalysisRunner has terminated.
Mono: successfully reloaded assembly
- Completed reload, in  0.853 seconds
Platform modules already initialized, skipping
Refreshing native plugins compatible for Editor in 0.22 ms, found 0 plugins.
Preloading 0 native plugins for Editor in 0.00 ms.
Unloading 1118 Unused Serialized files (Serialized files now loaded: 0)
System memory in use before: 88.0 MB.
System memory in use after: 88.1 MB.

Unloading 5 unused Assets to reduce memory usage. Loaded Objects now: 1762.
Total: 2.089600 ms (FindLiveObjects: 0.167600 ms CreateObjectMapping: 0.042700 ms MarkObjects: 1.780400 ms  DeleteObjects: 0.098300 ms)

========================================================================
Received Prepare
Registering precompiled user dll's ...
Registered in 0.001018 seconds.
Begin MonoManager ReloadAssembly
Native extension for WindowsStandalone target not found
Refreshing native plugins compatible for Editor in 0.22 ms, found 0 plugins.
Preloading 0 native plugins for Editor in 0.00 ms.
Invoked RoslynAnalysisRunner static constructor.
RoslynAnalysisRunner will not be running.
RoslynAnalysisRunner has terminated.
Mono: successfully reloaded assembly
- Completed reload, in  0.885 seconds
Platform modules already initialized, skipping
Refreshing native plugins compatible for Editor in 0.22 ms, found 0 plugins.
Preloading 0 native plugins for Editor in 0.00 ms.
Unloading 1118 Unused Serialized files (Serialized files now loaded: 0)
System memory in use before: 88.0 MB.
System memory in use after: 88.1 MB.

Unloading 5 unused Assets to reduce memory usage. Loaded Objects now: 1765.
Total: 2.560800 ms (FindLiveObjects: 0.394500 ms CreateObjectMapping: 0.097500 ms MarkObjects: 1.963700 ms  DeleteObjects: 0.102100 ms)

========================================================================
Received Import Request.
  Time since last request: 456.344995 seconds.
  path: Assets/Scripts/BotTimeBot.cs
  artifactKey: Guid(d2928eee786c0ed488596d8a58c7027c) Importer(815301076,1909f56bfc062723c751e8b465ee728b)
Start importing Assets/Scripts/BotTimeBot.cs using Guid(d2928eee786c0ed488596d8a58c7027c) Importer(815301076,1909f56bfc062723c751e8b465ee728b)  -> (artifact id: '76aebed8bd41163935f5ebf4af66872e') in 0.005391 seconds
  Import took 0.085509 seconds .

AssetImportWorkerClient::OnTransportError - code=2 error=End of file
